15:31:30.787 [main] INFO  o.s.b.t.c.SpringBootTestContextBootstrapper - Neither @ContextConfiguration nor @ContextHierarchy found for test class [com.shanyuan.platform.ms.facade.statistics.statisticsBizBaseDataTest], using SpringBootContextLoader
15:31:30.795 [main] INFO  o.s.t.c.s.AbstractContextLoader - Could not detect default resource locations for test class [com.shanyuan.platform.ms.facade.statistics.statisticsBizBaseDataTest]: no resource found for suffixes {-context.xml, Context.groovy}.
15:31:30.857 [main] INFO  o.s.b.t.c.SpringBootTestContextBootstrapper - Loaded default TestExecutionListener class names from location [META-INF/spring.factories]: [org.springframework.boot.test.mock.mockito.MockitoTestExecutionListener, org.springframework.boot.test.mock.mockito.ResetMocksTestExecutionListener, org.springframework.boot.test.autoconfigure.restdocs.RestDocsTestExecutionListener, org.springframework.boot.test.autoconfigure.web.client.MockRestServiceServerResetTestExecutionListener, org.springframework.boot.test.autoconfigure.web.servlet.MockMvcPrintOnlyOnFailureTestExecutionListener, org.springframework.boot.test.autoconfigure.web.servlet.WebDriverTestExecutionListener, org.springframework.test.context.web.ServletTestExecutionListener, org.springframework.test.context.support.DirtiesContextBeforeModesTestExecutionListener, org.springframework.test.context.support.DependencyInjectionTestExecutionListener, org.springframework.test.context.support.DirtiesContextTestExecutionListener, org.springframework.test.context.transaction.TransactionalTestExecutionListener, org.springframework.test.context.jdbc.SqlScriptsTestExecutionListener]
15:31:30.877 [main] INFO  o.s.b.t.c.SpringBootTestContextBootstrapper - Using TestExecutionListeners: [org.springframework.test.context.web.ServletTestExecutionListener@460d0a57, org.springframework.test.context.support.DirtiesContextBeforeModesTestExecutionListener@47d90b9e, org.springframework.boot.test.autoconfigure.SpringBootDependencyInjectionTestExecutionListener@1184ab05, org.springframework.test.context.support.DirtiesContextTestExecutionListener@3aefe5e5, org.springframework.test.context.transaction.TransactionalTestExecutionListener@149e0f5d, org.springframework.test.context.jdbc.SqlScriptsTestExecutionListener@1b1473ab, org.springframework.boot.test.autoconfigure.web.client.MockRestServiceServerResetTestExecutionListener@2f7c2f4f, org.springframework.boot.test.autoconfigure.restdocs.RestDocsTestExecutionListener@6af93788, org.springframework.boot.test.autoconfigure.web.servlet.MockMvcPrintOnlyOnFailureTestExecutionListener@ef9296d, org.springframework.boot.test.autoconfigure.web.servlet.WebDriverTestExecutionListener@36c88a32, org.springframework.boot.test.mock.mockito.MockitoTestExecutionListener@7880cdf3, org.springframework.boot.test.mock.mockito.ResetMocksTestExecutionListener@5be6e01c]
15:31:31.167 [main] INFO  c.s.p.m.f.s.statisticsBizBaseDataTest - Starting statisticsBizBaseDataTest on DESKTOP-FJN2G7E with PID 11980 (started by win10 in D:\order\sy_platform\platform.ms.facade)
15:31:31.168 [main] DEBUG c.s.p.m.f.s.statisticsBizBaseDataTest - Running with Spring Boot v1.5.4.RELEASE, Spring v4.3.9.RELEASE
15:31:31.168 [main] INFO  c.s.p.m.f.s.statisticsBizBaseDataTest - No active profile set, falling back to default profiles: default
15:31:31.199 [main] INFO  o.s.w.c.s.GenericWebApplicationContext - Refreshing org.springframework.web.context.support.GenericWebApplicationContext@5e600dd5: startup date [Fri Jan 19 15:31:31 CST 2018]; root of context hierarchy
15:31:32.193 [main] INFO  o.s.d.r.c.RepositoryConfigurationDelegate - Multiple Spring Data modules found, entering strict repository configuration mode!
15:31:35.235 [main] INFO  com.yunpian.sdk.YunpianClient - YunpianClient is initing!
15:31:35.236 [main] INFO  com.yunpian.sdk.YunpianConf - load default yunpian.properties
15:31:35.237 [main] INFO  com.yunpian.sdk.YunpianConf - apikey-b792c1883cd87e140859625a665e7069 conf-{yp.flow.host=https://flow.yunpian.com, yp.sign.host=https://sms.yunpian.com, yp.tpl.host=https://sms.yunpian.com, http.conn.maxperroute=50, yp.user.host=https://sms.yunpian.com, yp.version=v2, yp.call.host=https://call.yunpian.com, yp.short_url.host=https://sms.yunpian.com, http.charset=utf-8, http.conn.timeout=10000, yp.voice.host=https://voice.yunpian.com, http.so.timeout=30000, yp.sms.host=https://sms.yunpian.com, http.conn.maxtotal=200}
15:31:35.602 [main] INFO  com.yunpian.sdk.YunpianClient - YunpianClient is initing!
15:31:35.602 [main] INFO  com.yunpian.sdk.YunpianClient - YunpianClient is closing!
15:31:35.604 [main] INFO  com.yunpian.sdk.YunpianConf - apikey-b792c1883cd87e140859625a665e7069 conf-{yp.flow.host=https://flow.yunpian.com, yp.sign.host=https://sms.yunpian.com, yp.tpl.host=https://sms.yunpian.com, http.conn.maxperroute=50, yp.user.host=https://sms.yunpian.com, yp.version=v2, yp.call.host=https://call.yunpian.com, yp.short_url.host=https://sms.yunpian.com, http.charset=utf-8, http.conn.timeout=10000, yp.voice.host=https://voice.yunpian.com, http.so.timeout=30000, yp.sms.host=https://sms.yunpian.com, http.conn.maxtotal=200}
15:31:37.386 [main] INFO  o.s.w.s.m.m.a.RequestMappingHandlerAdapter - Looking for @ControllerAdvice: org.springframework.web.context.support.GenericWebApplicationContext@5e600dd5: startup date [Fri Jan 19 15:31:31 CST 2018]; root of context hierarchy
15:31:37.467 [main] INFO  o.s.w.s.m.m.a.RequestMappingHandlerMapping - Mapped "{[/error]}" onto public org.springframework.http.ResponseEntity<java.util.Map<java.lang.String, java.lang.Object>> org.springframework.boot.autoconfigure.web.BasicErrorController.error(javax.servlet.http.HttpServletRequest)
15:31:37.467 [main] INFO  o.s.w.s.m.m.a.RequestMappingHandlerMapping - Mapped "{[/error],produces=[text/html]}" onto public org.springframework.web.servlet.ModelAndView org.springframework.boot.autoconfigure.web.BasicErrorController.errorHtml(javax.servlet.http.HttpServletRequest,javax.servlet.http.HttpServletResponse)
15:31:37.531 [main] INFO  o.s.w.s.h.SimpleUrlHandlerMapping - Mapped URL path [/webjars/**] onto handler of type [class org.springframework.web.servlet.resource.ResourceHttpRequestHandler]
15:31:37.531 [main] INFO  o.s.w.s.h.SimpleUrlHandlerMapping - Mapped URL path [/**] onto handler of type [class org.springframework.web.servlet.resource.ResourceHttpRequestHandler]
15:31:37.578 [main] INFO  o.s.w.s.h.SimpleUrlHandlerMapping - Mapped URL path [/**/favicon.ico] onto handler of type [class org.springframework.web.servlet.resource.ResourceHttpRequestHandler]
15:31:38.237 [main] INFO  c.s.p.m.f.s.statisticsBizBaseDataTest - Started statisticsBizBaseDataTest in 7.264 seconds (JVM running for 8.067)
15:31:38.395 [main] INFO  c.alibaba.druid.pool.DruidDataSource - {dataSource-1} inited
15:31:38.636 [main] DEBUG c.s.p.m.d.s.m.O.selectPlatformStatisticsInfo - ==>  Preparing: SELECT c_time AS cTime,goods_project_type as goodsProjectType,seller_type as sellerType,assist_id as assistId,COUNT(1) AS orderNum, SUM(goods_num) AS goodsNum, SUM(order_amount) AS orderAmount, SUM(help_price) AS helpAmount,sum(fund_fee) AS fundFee FROM statistics_order_base_data where 1=1 and c_time = ? GROUP BY c_time,goods_project_type,seller_type,assist_id 
15:31:38.653 [main] DEBUG c.s.p.m.d.s.m.O.selectPlatformStatisticsInfo - ==> Parameters: 20170924(Integer)
15:31:38.825 [main] DEBUG c.s.p.m.d.s.m.O.selectPlatformStatisticsInfo - <==      Total: 45
15:31:38.826 [main] DEBUG c.s.p.m.d.s.m.O.getOfflineOrderStatisticsInofs - ==>  Preparing: select c_time as cTime,sum(order_amount) OrderAmount,sum(help_price) helpPrice from statistics_order_offline_biz_order where c_time = ? group by c_time 
15:31:38.827 [main] DEBUG c.s.p.m.d.s.m.O.getOfflineOrderStatisticsInofs - ==> Parameters: 20170924(Integer)
15:31:38.831 [main] DEBUG c.s.p.m.d.s.m.O.getOfflineOrderStatisticsInofs - <==      Total: 0
15:31:38.831 [main] DEBUG c.s.p.m.d.s.m.O.getPlatFromOfflineOrderGoods - ==>  Preparing: SELECT a.c_time as cTime,count(1) as orderNum,sum(goods_num) as goodsNum FROM statistics_order_offline_biz_order a,statistics_order_offline_biz_order_goods b where a.main_order_id = b.main_order_id and a.c_time = ? GROUP BY a.c_time 
15:31:38.832 [main] DEBUG c.s.p.m.d.s.m.O.getPlatFromOfflineOrderGoods - ==> Parameters: 20170924(Integer)
15:31:38.834 [main] DEBUG c.s.p.m.d.s.m.O.getPlatFromOfflineOrderGoods - <==      Total: 0
15:31:38.837 [main] DEBUG c.s.p.m.d.s.m.P.batchInsertPlatformSellerData - ==>  Preparing: insert into statistics_platform_seller_data (assist_order_num,assist_goods_num,assist_order_amount,assit_help_price, poor_order_num,poor_goods_num,poor_order_amount, online_order_num,online_goods_num,online_order_amount,online_help_price, offline_order_num,offline_goods_num,offline_order_amount,offline_help_price, sy_order_num,sy_goods_num,sy_order_amount,sy_donation_amount ,c_time) values ( ?, ?, ?, ?, ?, ?, ?, ?, ?, ?, ?, ?, ?, ?, ?, ?, ?, ?, ?, ? ) 
15:31:38.840 [main] DEBUG c.s.p.m.d.s.m.P.batchInsertPlatformSellerData - ==> Parameters: 317(Integer), 409(Integer), 2019204.00(BigDecimal), 19850.04(BigDecimal), 13(Integer), 15(Integer), 72678.00(BigDecimal), 542(Integer), 695(Integer), 3730730.00(BigDecimal), 741911.00(BigDecimal), 0(Integer), 0(Integer), 0.00(BigDecimal), 0.00(BigDecimal), 24(Integer), 33(Integer), 137070.00(BigDecimal), 2188.00(BigDecimal), 20170924(Integer)
15:31:38.855 [main] DEBUG c.s.p.m.d.s.m.P.batchInsertPlatformSellerData - <==    Updates: 1
15:31:38.855 [main] DEBUG c.s.p.m.d.s.m.P.batchInsertPlatformSellerData!selectKey - ==>  Preparing: SELECT LAST_INSERT_ID() 
15:31:38.855 [main] DEBUG c.s.p.m.d.s.m.P.batchInsertPlatformSellerData!selectKey - ==> Parameters: 
15:31:38.858 [main] DEBUG c.s.p.m.d.s.m.P.batchInsertPlatformSellerData!selectKey - <==      Total: 1
15:31:38.866 [main] DEBUG c.s.p.m.d.s.m.S.selectByExample - ==>  Preparing: select area_id, area_name, area_parent_id, area_sort, area_deep from sy_area_full WHERE ( area_deep < ? ) 
15:31:38.866 [main] DEBUG c.s.p.m.d.s.m.S.selectByExample - ==> Parameters: 4(Byte)
15:31:39.218 [main] DEBUG c.s.p.m.d.s.m.S.selectByExample - <==      Total: 3231
15:31:39.229 [main] DEBUG c.s.p.m.d.b.m.S.selectByExample - ==>  Preparing: select main_order_id, order_sn, coupon_batch_sn, buyer_id, buyer_name, add_time, payment_time, ship_time, finnshed_time, order_amount, coupon_value, coupon_num, coupon_creator, inv_info, circle_id, apply_circle_name, paper_contract, payment_role, payment_model, order_type, order_state, inv_state, pay_state, goods_state, points_state, mark, start_time, expired_time, cancle_state, agree_ship_time, all_shiped_time, receive_time from sy_biz_main_order WHERE ( receive_time >= ? and receive_time < ? and pay_state = ? and goods_state = ? and order_type between ? and ? ) 
15:31:39.231 [main] DEBUG c.s.p.m.d.b.m.S.selectByExample - ==> Parameters: 20161205(Integer), 20170928(Integer), 30(String), 50(String), biz_have_goods(String), biz_intention_goods(String)
15:31:39.261 [main] DEBUG c.s.p.m.d.b.m.S.selectByExample - <==      Total: 0
15:31:39.271 [main] INFO  c.s.p.m.c.s.i.OrderStatisticsInfoServiceImpl - 批量插入到表 biz_order， 数据为空，不插入
15:31:39.271 [main] INFO  c.s.p.m.c.s.i.OrderStatisticsInfoServiceImpl - 批量插入到表 biz_order_goods， 数据为空，不插入
15:31:39.275 [Thread-4] INFO  o.s.w.c.s.GenericWebApplicationContext - Closing org.springframework.web.context.support.GenericWebApplicationContext@5e600dd5: startup date [Fri Jan 19 15:31:31 CST 2018]; root of context hierarchy
15:31:39.279 [Thread-4] INFO  com.yunpian.sdk.YunpianClient - YunpianClient is closing!
15:31:39.289 [Thread-4] INFO  c.alibaba.druid.pool.DruidDataSource - {dataSource-1} closed
15:32:01.044 [main] INFO  o.s.b.t.c.SpringBootTestContextBootstrapper - Neither @ContextConfiguration nor @ContextHierarchy found for test class [com.shanyuan.platform.ms.facade.statistics.statisticsBizBaseDataTest], using SpringBootContextLoader
15:32:01.053 [main] INFO  o.s.t.c.s.AbstractContextLoader - Could not detect default resource locations for test class [com.shanyuan.platform.ms.facade.statistics.statisticsBizBaseDataTest]: no resource found for suffixes {-context.xml, Context.groovy}.
15:32:01.119 [main] INFO  o.s.b.t.c.SpringBootTestContextBootstrapper - Loaded default TestExecutionListener class names from location [META-INF/spring.factories]: [org.springframework.boot.test.mock.mockito.MockitoTestExecutionListener, org.springframework.boot.test.mock.mockito.ResetMocksTestExecutionListener, org.springframework.boot.test.autoconfigure.restdocs.RestDocsTestExecutionListener, org.springframework.boot.test.autoconfigure.web.client.MockRestServiceServerResetTestExecutionListener, org.springframework.boot.test.autoconfigure.web.servlet.MockMvcPrintOnlyOnFailureTestExecutionListener, org.springframework.boot.test.autoconfigure.web.servlet.WebDriverTestExecutionListener, org.springframework.test.context.web.ServletTestExecutionListener, org.springframework.test.context.support.DirtiesContextBeforeModesTestExecutionListener, org.springframework.test.context.support.DependencyInjectionTestExecutionListener, org.springframework.test.context.support.DirtiesContextTestExecutionListener, org.springframework.test.context.transaction.TransactionalTestExecutionListener, org.springframework.test.context.jdbc.SqlScriptsTestExecutionListener]
15:32:01.139 [main] INFO  o.s.b.t.c.SpringBootTestContextBootstrapper - Using TestExecutionListeners: [org.springframework.test.context.web.ServletTestExecutionListener@460d0a57, org.springframework.test.context.support.DirtiesContextBeforeModesTestExecutionListener@47d90b9e, org.springframework.boot.test.autoconfigure.SpringBootDependencyInjectionTestExecutionListener@1184ab05, org.springframework.test.context.support.DirtiesContextTestExecutionListener@3aefe5e5, org.springframework.test.context.transaction.TransactionalTestExecutionListener@149e0f5d, org.springframework.test.context.jdbc.SqlScriptsTestExecutionListener@1b1473ab, org.springframework.boot.test.autoconfigure.web.client.MockRestServiceServerResetTestExecutionListener@2f7c2f4f, org.springframework.boot.test.autoconfigure.restdocs.RestDocsTestExecutionListener@6af93788, org.springframework.boot.test.autoconfigure.web.servlet.MockMvcPrintOnlyOnFailureTestExecutionListener@ef9296d, org.springframework.boot.test.autoconfigure.web.servlet.WebDriverTestExecutionListener@36c88a32, org.springframework.boot.test.mock.mockito.MockitoTestExecutionListener@7880cdf3, org.springframework.boot.test.mock.mockito.ResetMocksTestExecutionListener@5be6e01c]
15:32:01.409 [main] INFO  c.s.p.m.f.s.statisticsBizBaseDataTest - Starting statisticsBizBaseDataTest on DESKTOP-FJN2G7E with PID 8028 (started by win10 in D:\order\sy_platform\platform.ms.facade)
15:32:01.409 [main] DEBUG c.s.p.m.f.s.statisticsBizBaseDataTest - Running with Spring Boot v1.5.4.RELEASE, Spring v4.3.9.RELEASE
15:32:01.410 [main] INFO  c.s.p.m.f.s.statisticsBizBaseDataTest - No active profile set, falling back to default profiles: default
15:32:01.440 [main] INFO  o.s.w.c.s.GenericWebApplicationContext - Refreshing org.springframework.web.context.support.GenericWebApplicationContext@5e600dd5: startup date [Fri Jan 19 15:32:01 CST 2018]; root of context hierarchy
15:32:02.381 [main] INFO  o.s.d.r.c.RepositoryConfigurationDelegate - Multiple Spring Data modules found, entering strict repository configuration mode!
15:32:05.342 [main] INFO  com.yunpian.sdk.YunpianClient - YunpianClient is initing!
15:32:05.343 [main] INFO  com.yunpian.sdk.YunpianConf - load default yunpian.properties
15:32:05.343 [main] INFO  com.yunpian.sdk.YunpianConf - apikey-b792c1883cd87e140859625a665e7069 conf-{yp.flow.host=https://flow.yunpian.com, yp.sign.host=https://sms.yunpian.com, yp.tpl.host=https://sms.yunpian.com, http.conn.maxperroute=50, yp.user.host=https://sms.yunpian.com, yp.version=v2, yp.call.host=https://call.yunpian.com, yp.short_url.host=https://sms.yunpian.com, http.charset=utf-8, http.conn.timeout=10000, yp.voice.host=https://voice.yunpian.com, http.so.timeout=30000, yp.sms.host=https://sms.yunpian.com, http.conn.maxtotal=200}
15:32:05.540 [main] INFO  com.yunpian.sdk.YunpianClient - YunpianClient is initing!
15:32:05.545 [main] INFO  com.yunpian.sdk.YunpianClient - YunpianClient is closing!
15:32:05.548 [main] INFO  com.yunpian.sdk.YunpianConf - apikey-b792c1883cd87e140859625a665e7069 conf-{yp.flow.host=https://flow.yunpian.com, yp.sign.host=https://sms.yunpian.com, yp.tpl.host=https://sms.yunpian.com, http.conn.maxperroute=50, yp.user.host=https://sms.yunpian.com, yp.version=v2, yp.call.host=https://call.yunpian.com, yp.short_url.host=https://sms.yunpian.com, http.charset=utf-8, http.conn.timeout=10000, yp.voice.host=https://voice.yunpian.com, http.so.timeout=30000, yp.sms.host=https://sms.yunpian.com, http.conn.maxtotal=200}
15:32:07.295 [main] INFO  o.s.w.s.m.m.a.RequestMappingHandlerAdapter - Looking for @ControllerAdvice: org.springframework.web.context.support.GenericWebApplicationContext@5e600dd5: startup date [Fri Jan 19 15:32:01 CST 2018]; root of context hierarchy
15:32:07.384 [main] INFO  o.s.w.s.m.m.a.RequestMappingHandlerMapping - Mapped "{[/error]}" onto public org.springframework.http.ResponseEntity<java.util.Map<java.lang.String, java.lang.Object>> org.springframework.boot.autoconfigure.web.BasicErrorController.error(javax.servlet.http.HttpServletRequest)
15:32:07.384 [main] INFO  o.s.w.s.m.m.a.RequestMappingHandlerMapping - Mapped "{[/error],produces=[text/html]}" onto public org.springframework.web.servlet.ModelAndView org.springframework.boot.autoconfigure.web.BasicErrorController.errorHtml(javax.servlet.http.HttpServletRequest,javax.servlet.http.HttpServletResponse)
15:32:07.443 [main] INFO  o.s.w.s.h.SimpleUrlHandlerMapping - Mapped URL path [/webjars/**] onto handler of type [class org.springframework.web.servlet.resource.ResourceHttpRequestHandler]
15:32:07.443 [main] INFO  o.s.w.s.h.SimpleUrlHandlerMapping - Mapped URL path [/**] onto handler of type [class org.springframework.web.servlet.resource.ResourceHttpRequestHandler]
15:32:07.502 [main] INFO  o.s.w.s.h.SimpleUrlHandlerMapping - Mapped URL path [/**/favicon.ico] onto handler of type [class org.springframework.web.servlet.resource.ResourceHttpRequestHandler]
15:32:08.163 [main] INFO  c.s.p.m.f.s.statisticsBizBaseDataTest - Started statisticsBizBaseDataTest in 6.938 seconds (JVM running for 7.55)
15:32:08.303 [main] INFO  c.alibaba.druid.pool.DruidDataSource - {dataSource-1} inited
15:32:08.520 [main] DEBUG c.s.p.m.d.s.m.S.selectByExample - ==>  Preparing: select area_id, area_name, area_parent_id, area_sort, area_deep from sy_area_full WHERE ( area_deep < ? ) 
15:32:08.537 [main] DEBUG c.s.p.m.d.s.m.S.selectByExample - ==> Parameters: 4(Byte)
15:32:08.933 [main] DEBUG c.s.p.m.d.s.m.S.selectByExample - <==      Total: 3231
15:32:08.943 [main] DEBUG c.s.p.m.d.b.m.S.selectByExample - ==>  Preparing: select main_order_id, order_sn, coupon_batch_sn, buyer_id, buyer_name, add_time, payment_time, ship_time, finnshed_time, order_amount, coupon_value, coupon_num, coupon_creator, inv_info, circle_id, apply_circle_name, paper_contract, payment_role, payment_model, order_type, order_state, inv_state, pay_state, goods_state, points_state, mark, start_time, expired_time, cancle_state, agree_ship_time, all_shiped_time, receive_time from sy_biz_main_order WHERE ( receive_time >= ? and receive_time < ? and pay_state = ? and goods_state = ? and order_type between ? and ? ) 
15:32:08.944 [main] DEBUG c.s.p.m.d.b.m.S.selectByExample - ==> Parameters: 20161205(Integer), 20170928(Integer), 30(String), 50(String), biz_have_goods(String), biz_intention_goods(String)
15:32:08.988 [main] DEBUG c.s.p.m.d.b.m.S.selectByExample - <==      Total: 0
15:32:08.991 [main] INFO  c.s.p.m.c.s.i.OrderStatisticsInfoServiceImpl - 批量插入到表 biz_order， 数据为空，不插入
15:32:08.991 [main] INFO  c.s.p.m.c.s.i.OrderStatisticsInfoServiceImpl - 批量插入到表 biz_order_goods， 数据为空，不插入
15:32:08.996 [Thread-4] INFO  o.s.w.c.s.GenericWebApplicationContext - Closing org.springframework.web.context.support.GenericWebApplicationContext@5e600dd5: startup date [Fri Jan 19 15:32:01 CST 2018]; root of context hierarchy
15:32:09.000 [Thread-4] INFO  com.yunpian.sdk.YunpianClient - YunpianClient is closing!
15:32:09.009 [Thread-4] INFO  c.alibaba.druid.pool.DruidDataSource - {dataSource-1} closed
15:36:25.980 [main] INFO  o.s.b.t.c.SpringBootTestContextBootstrapper - Neither @ContextConfiguration nor @ContextHierarchy found for test class [com.shanyuan.platform.ms.facade.statistics.statisticsBizBaseDataTest], using SpringBootContextLoader
15:36:25.987 [main] INFO  o.s.t.c.s.AbstractContextLoader - Could not detect default resource locations for test class [com.shanyuan.platform.ms.facade.statistics.statisticsBizBaseDataTest]: no resource found for suffixes {-context.xml, Context.groovy}.
15:36:26.048 [main] INFO  o.s.b.t.c.SpringBootTestContextBootstrapper - Loaded default TestExecutionListener class names from location [META-INF/spring.factories]: [org.springframework.boot.test.mock.mockito.MockitoTestExecutionListener, org.springframework.boot.test.mock.mockito.ResetMocksTestExecutionListener, org.springframework.boot.test.autoconfigure.restdocs.RestDocsTestExecutionListener, org.springframework.boot.test.autoconfigure.web.client.MockRestServiceServerResetTestExecutionListener, org.springframework.boot.test.autoconfigure.web.servlet.MockMvcPrintOnlyOnFailureTestExecutionListener, org.springframework.boot.test.autoconfigure.web.servlet.WebDriverTestExecutionListener, org.springframework.test.context.web.ServletTestExecutionListener, org.springframework.test.context.support.DirtiesContextBeforeModesTestExecutionListener, org.springframework.test.context.support.DependencyInjectionTestExecutionListener, org.springframework.test.context.support.DirtiesContextTestExecutionListener, org.springframework.test.context.transaction.TransactionalTestExecutionListener, org.springframework.test.context.jdbc.SqlScriptsTestExecutionListener]
15:36:26.067 [main] INFO  o.s.b.t.c.SpringBootTestContextBootstrapper - Using TestExecutionListeners: [org.springframework.test.context.web.ServletTestExecutionListener@460d0a57, org.springframework.test.context.support.DirtiesContextBeforeModesTestExecutionListener@47d90b9e, org.springframework.boot.test.autoconfigure.SpringBootDependencyInjectionTestExecutionListener@1184ab05, org.springframework.test.context.support.DirtiesContextTestExecutionListener@3aefe5e5, org.springframework.test.context.transaction.TransactionalTestExecutionListener@149e0f5d, org.springframework.test.context.jdbc.SqlScriptsTestExecutionListener@1b1473ab, org.springframework.boot.test.autoconfigure.web.client.MockRestServiceServerResetTestExecutionListener@2f7c2f4f, org.springframework.boot.test.autoconfigure.restdocs.RestDocsTestExecutionListener@6af93788, org.springframework.boot.test.autoconfigure.web.servlet.MockMvcPrintOnlyOnFailureTestExecutionListener@ef9296d, org.springframework.boot.test.autoconfigure.web.servlet.WebDriverTestExecutionListener@36c88a32, org.springframework.boot.test.mock.mockito.MockitoTestExecutionListener@7880cdf3, org.springframework.boot.test.mock.mockito.ResetMocksTestExecutionListener@5be6e01c]
15:36:26.333 [main] INFO  c.s.p.m.f.s.statisticsBizBaseDataTest - Starting statisticsBizBaseDataTest on DESKTOP-FJN2G7E with PID 12332 (started by win10 in D:\order\sy_platform\platform.ms.facade)
15:36:26.333 [main] DEBUG c.s.p.m.f.s.statisticsBizBaseDataTest - Running with Spring Boot v1.5.4.RELEASE, Spring v4.3.9.RELEASE
15:36:26.334 [main] INFO  c.s.p.m.f.s.statisticsBizBaseDataTest - No active profile set, falling back to default profiles: default
15:36:26.360 [main] INFO  o.s.w.c.s.GenericWebApplicationContext - Refreshing org.springframework.web.context.support.GenericWebApplicationContext@5e600dd5: startup date [Fri Jan 19 15:36:26 CST 2018]; root of context hierarchy
15:36:27.349 [main] INFO  o.s.d.r.c.RepositoryConfigurationDelegate - Multiple Spring Data modules found, entering strict repository configuration mode!
15:36:30.324 [main] INFO  com.yunpian.sdk.YunpianClient - YunpianClient is initing!
15:36:30.325 [main] INFO  com.yunpian.sdk.YunpianConf - load default yunpian.properties
15:36:30.325 [main] INFO  com.yunpian.sdk.YunpianConf - apikey-b792c1883cd87e140859625a665e7069 conf-{yp.flow.host=https://flow.yunpian.com, yp.sign.host=https://sms.yunpian.com, yp.tpl.host=https://sms.yunpian.com, http.conn.maxperroute=50, yp.user.host=https://sms.yunpian.com, yp.version=v2, yp.call.host=https://call.yunpian.com, yp.short_url.host=https://sms.yunpian.com, http.charset=utf-8, http.conn.timeout=10000, yp.voice.host=https://voice.yunpian.com, http.so.timeout=30000, yp.sms.host=https://sms.yunpian.com, http.conn.maxtotal=200}
15:36:30.521 [main] INFO  com.yunpian.sdk.YunpianClient - YunpianClient is initing!
15:36:30.521 [main] INFO  com.yunpian.sdk.YunpianClient - YunpianClient is closing!
15:36:30.524 [main] INFO  com.yunpian.sdk.YunpianConf - apikey-b792c1883cd87e140859625a665e7069 conf-{yp.flow.host=https://flow.yunpian.com, yp.sign.host=https://sms.yunpian.com, yp.tpl.host=https://sms.yunpian.com, http.conn.maxperroute=50, yp.user.host=https://sms.yunpian.com, yp.version=v2, yp.call.host=https://call.yunpian.com, yp.short_url.host=https://sms.yunpian.com, http.charset=utf-8, http.conn.timeout=10000, yp.voice.host=https://voice.yunpian.com, http.so.timeout=30000, yp.sms.host=https://sms.yunpian.com, http.conn.maxtotal=200}
15:36:32.286 [main] INFO  o.s.w.s.m.m.a.RequestMappingHandlerAdapter - Looking for @ControllerAdvice: org.springframework.web.context.support.GenericWebApplicationContext@5e600dd5: startup date [Fri Jan 19 15:36:26 CST 2018]; root of context hierarchy
15:36:32.363 [main] INFO  o.s.w.s.m.m.a.RequestMappingHandlerMapping - Mapped "{[/error]}" onto public org.springframework.http.ResponseEntity<java.util.Map<java.lang.String, java.lang.Object>> org.springframework.boot.autoconfigure.web.BasicErrorController.error(javax.servlet.http.HttpServletRequest)
15:36:32.364 [main] INFO  o.s.w.s.m.m.a.RequestMappingHandlerMapping - Mapped "{[/error],produces=[text/html]}" onto public org.springframework.web.servlet.ModelAndView org.springframework.boot.autoconfigure.web.BasicErrorController.errorHtml(javax.servlet.http.HttpServletRequest,javax.servlet.http.HttpServletResponse)
15:36:32.427 [main] INFO  o.s.w.s.h.SimpleUrlHandlerMapping - Mapped URL path [/webjars/**] onto handler of type [class org.springframework.web.servlet.resource.ResourceHttpRequestHandler]
15:36:32.427 [main] INFO  o.s.w.s.h.SimpleUrlHandlerMapping - Mapped URL path [/**] onto handler of type [class org.springframework.web.servlet.resource.ResourceHttpRequestHandler]
15:36:32.476 [main] INFO  o.s.w.s.h.SimpleUrlHandlerMapping - Mapped URL path [/**/favicon.ico] onto handler of type [class org.springframework.web.servlet.resource.ResourceHttpRequestHandler]
15:36:33.109 [main] INFO  c.s.p.m.f.s.statisticsBizBaseDataTest - Started statisticsBizBaseDataTest in 6.96 seconds (JVM running for 7.568)
15:36:33.241 [main] INFO  c.alibaba.druid.pool.DruidDataSource - {dataSource-1} inited
15:36:33.546 [main] DEBUG c.s.p.m.d.s.m.S.selectByExample - ==>  Preparing: select area_id, area_name, area_parent_id, area_sort, area_deep from sy_area_full WHERE ( area_deep < ? ) 
15:36:33.560 [main] DEBUG c.s.p.m.d.s.m.S.selectByExample - ==> Parameters: 4(Byte)
15:36:33.940 [main] DEBUG c.s.p.m.d.s.m.S.selectByExample - <==      Total: 3231
15:36:33.955 [main] DEBUG c.s.p.m.d.b.m.S.selectByExample - ==>  Preparing: select main_order_id, order_sn, coupon_batch_sn, buyer_id, buyer_name, add_time, payment_time, ship_time, finnshed_time, order_amount, coupon_value, coupon_num, coupon_creator, inv_info, circle_id, apply_circle_name, paper_contract, payment_role, payment_model, order_type, order_state, inv_state, pay_state, goods_state, points_state, mark, start_time, expired_time, cancle_state, agree_ship_time, all_shiped_time, receive_time from sy_biz_main_order WHERE ( receive_time >= ? and receive_time < ? and pay_state = ? and goods_state = ? and order_type between ? and ? ) 
15:36:33.955 [main] DEBUG c.s.p.m.d.b.m.S.selectByExample - ==> Parameters: 1453882527(Integer), 1477556127(Integer), 30(String), 50(String), biz_have_goods(String), biz_intention_goods(String)
15:36:34.000 [main] DEBUG c.s.p.m.d.b.m.S.selectByExample - <==      Total: 0
15:36:34.004 [main] INFO  c.s.p.m.c.s.i.OrderStatisticsInfoServiceImpl - 批量插入到表 biz_order， 数据为空，不插入
15:36:34.004 [main] INFO  c.s.p.m.c.s.i.OrderStatisticsInfoServiceImpl - 批量插入到表 biz_order_goods， 数据为空，不插入
15:36:34.009 [Thread-4] INFO  o.s.w.c.s.GenericWebApplicationContext - Closing org.springframework.web.context.support.GenericWebApplicationContext@5e600dd5: startup date [Fri Jan 19 15:36:26 CST 2018]; root of context hierarchy
15:36:34.013 [Thread-4] INFO  com.yunpian.sdk.YunpianClient - YunpianClient is closing!
15:36:34.023 [Thread-4] INFO  c.alibaba.druid.pool.DruidDataSource - {dataSource-1} closed
15:38:50.811 [main] INFO  o.s.b.t.c.SpringBootTestContextBootstrapper - Neither @ContextConfiguration nor @ContextHierarchy found for test class [com.shanyuan.platform.ms.facade.statistics.statisticsBizBaseDataTest], using SpringBootContextLoader
15:38:50.868 [main] INFO  o.s.t.c.s.AbstractContextLoader - Could not detect default resource locations for test class [com.shanyuan.platform.ms.facade.statistics.statisticsBizBaseDataTest]: no resource found for suffixes {-context.xml, Context.groovy}.
15:38:50.948 [main] INFO  o.s.b.t.c.SpringBootTestContextBootstrapper - Loaded default TestExecutionListener class names from location [META-INF/spring.factories]: [org.springframework.boot.test.mock.mockito.MockitoTestExecutionListener, org.springframework.boot.test.mock.mockito.ResetMocksTestExecutionListener, org.springframework.boot.test.autoconfigure.restdocs.RestDocsTestExecutionListener, org.springframework.boot.test.autoconfigure.web.client.MockRestServiceServerResetTestExecutionListener, org.springframework.boot.test.autoconfigure.web.servlet.MockMvcPrintOnlyOnFailureTestExecutionListener, org.springframework.boot.test.autoconfigure.web.servlet.WebDriverTestExecutionListener, org.springframework.test.context.web.ServletTestExecutionListener, org.springframework.test.context.support.DirtiesContextBeforeModesTestExecutionListener, org.springframework.test.context.support.DependencyInjectionTestExecutionListener, org.springframework.test.context.support.DirtiesContextTestExecutionListener, org.springframework.test.context.transaction.TransactionalTestExecutionListener, org.springframework.test.context.jdbc.SqlScriptsTestExecutionListener]
15:38:50.975 [main] INFO  o.s.b.t.c.SpringBootTestContextBootstrapper - Using TestExecutionListeners: [org.springframework.test.context.web.ServletTestExecutionListener@461ad730, org.springframework.test.context.support.DirtiesContextBeforeModesTestExecutionListener@4ee203eb, org.springframework.boot.test.autoconfigure.SpringBootDependencyInjectionTestExecutionListener@1a5a4e19, org.springframework.test.context.support.DirtiesContextTestExecutionListener@7068e664, org.springframework.test.context.transaction.TransactionalTestExecutionListener@60db1c0e, org.springframework.test.context.jdbc.SqlScriptsTestExecutionListener@3e78b6a5, org.springframework.boot.test.mock.mockito.MockitoTestExecutionListener@769a1df5, org.springframework.boot.test.mock.mockito.ResetMocksTestExecutionListener@41f69e84, org.springframework.boot.test.autoconfigure.web.servlet.WebDriverTestExecutionListener@7975d1d8, org.springframework.boot.test.autoconfigure.web.client.MockRestServiceServerResetTestExecutionListener@2438dcd, org.springframework.boot.test.autoconfigure.web.servlet.MockMvcPrintOnlyOnFailureTestExecutionListener@24105dc5, org.springframework.boot.test.autoconfigure.restdocs.RestDocsTestExecutionListener@5167f57d]
15:38:51.277 [main] INFO  c.s.p.m.f.s.statisticsBizBaseDataTest - Starting statisticsBizBaseDataTest on DESKTOP-FJN2G7E with PID 9900 (started by win10 in D:\order\sy_platform\platform.ms.facade)
15:38:51.278 [main] DEBUG c.s.p.m.f.s.statisticsBizBaseDataTest - Running with Spring Boot v1.5.4.RELEASE, Spring v4.3.9.RELEASE
15:38:51.278 [main] INFO  c.s.p.m.f.s.statisticsBizBaseDataTest - No active profile set, falling back to default profiles: default
15:38:51.313 [main] INFO  o.s.w.c.s.GenericWebApplicationContext - Refreshing org.springframework.web.context.support.GenericWebApplicationContext@1ef3efa8: startup date [Fri Jan 19 15:38:51 CST 2018]; root of context hierarchy
15:38:52.494 [main] INFO  o.s.d.r.c.RepositoryConfigurationDelegate - Multiple Spring Data modules found, entering strict repository configuration mode!
15:38:56.022 [main] INFO  com.yunpian.sdk.YunpianClient - YunpianClient is initing!
15:38:56.022 [main] INFO  com.yunpian.sdk.YunpianConf - load default yunpian.properties
15:38:56.023 [main] INFO  com.yunpian.sdk.YunpianConf - apikey-b792c1883cd87e140859625a665e7069 conf-{yp.flow.host=https://flow.yunpian.com, yp.sign.host=https://sms.yunpian.com, yp.tpl.host=https://sms.yunpian.com, http.conn.maxperroute=50, yp.user.host=https://sms.yunpian.com, yp.version=v2, yp.call.host=https://call.yunpian.com, yp.short_url.host=https://sms.yunpian.com, http.charset=utf-8, http.conn.timeout=10000, yp.voice.host=https://voice.yunpian.com, http.so.timeout=30000, yp.sms.host=https://sms.yunpian.com, http.conn.maxtotal=200}
15:38:56.236 [main] INFO  com.yunpian.sdk.YunpianClient - YunpianClient is initing!
15:38:56.236 [main] INFO  com.yunpian.sdk.YunpianClient - YunpianClient is closing!
15:38:56.237 [main] INFO  com.yunpian.sdk.YunpianConf - apikey-b792c1883cd87e140859625a665e7069 conf-{yp.flow.host=https://flow.yunpian.com, yp.sign.host=https://sms.yunpian.com, yp.tpl.host=https://sms.yunpian.com, http.conn.maxperroute=50, yp.user.host=https://sms.yunpian.com, yp.version=v2, yp.call.host=https://call.yunpian.com, yp.short_url.host=https://sms.yunpian.com, http.charset=utf-8, http.conn.timeout=10000, yp.voice.host=https://voice.yunpian.com, http.so.timeout=30000, yp.sms.host=https://sms.yunpian.com, http.conn.maxtotal=200}
15:38:58.478 [main] INFO  o.s.w.s.m.m.a.RequestMappingHandlerAdapter - Looking for @ControllerAdvice: org.springframework.web.context.support.GenericWebApplicationContext@1ef3efa8: startup date [Fri Jan 19 15:38:51 CST 2018]; root of context hierarchy
15:38:58.590 [main] INFO  o.s.w.s.m.m.a.RequestMappingHandlerMapping - Mapped "{[/error]}" onto public org.springframework.http.ResponseEntity<java.util.Map<java.lang.String, java.lang.Object>> org.springframework.boot.autoconfigure.web.BasicErrorController.error(javax.servlet.http.HttpServletRequest)
15:38:58.591 [main] INFO  o.s.w.s.m.m.a.RequestMappingHandlerMapping - Mapped "{[/error],produces=[text/html]}" onto public org.springframework.web.servlet.ModelAndView org.springframework.boot.autoconfigure.web.BasicErrorController.errorHtml(javax.servlet.http.HttpServletRequest,javax.servlet.http.HttpServletResponse)
15:38:58.669 [main] INFO  o.s.w.s.h.SimpleUrlHandlerMapping - Mapped URL path [/webjars/**] onto handler of type [class org.springframework.web.servlet.resource.ResourceHttpRequestHandler]
15:38:58.669 [main] INFO  o.s.w.s.h.SimpleUrlHandlerMapping - Mapped URL path [/**] onto handler of type [class org.springframework.web.servlet.resource.ResourceHttpRequestHandler]
15:38:58.738 [main] INFO  o.s.w.s.h.SimpleUrlHandlerMapping - Mapped URL path [/**/favicon.ico] onto handler of type [class org.springframework.web.servlet.resource.ResourceHttpRequestHandler]
15:38:59.766 [main] INFO  c.s.p.m.f.s.statisticsBizBaseDataTest - Started statisticsBizBaseDataTest in 8.693 seconds (JVM running for 9.981)
18:39:07.704 [main] INFO  o.s.b.t.c.SpringBootTestContextBootstrapper - Neither @ContextConfiguration nor @ContextHierarchy found for test class [com.shanyuan.platform.ms.facade.statistics.StatisticsOrderTest], using SpringBootContextLoader
18:39:07.711 [main] INFO  o.s.t.c.s.AbstractContextLoader - Could not detect default resource locations for test class [com.shanyuan.platform.ms.facade.statistics.StatisticsOrderTest]: no resource found for suffixes {-context.xml, Context.groovy}.
18:39:07.782 [main] INFO  o.s.b.t.c.SpringBootTestContextBootstrapper - Loaded default TestExecutionListener class names from location [META-INF/spring.factories]: [org.springframework.boot.test.mock.mockito.MockitoTestExecutionListener, org.springframework.boot.test.mock.mockito.ResetMocksTestExecutionListener, org.springframework.boot.test.autoconfigure.restdocs.RestDocsTestExecutionListener, org.springframework.boot.test.autoconfigure.web.client.MockRestServiceServerResetTestExecutionListener, org.springframework.boot.test.autoconfigure.web.servlet.MockMvcPrintOnlyOnFailureTestExecutionListener, org.springframework.boot.test.autoconfigure.web.servlet.WebDriverTestExecutionListener, org.springframework.test.context.web.ServletTestExecutionListener, org.springframework.test.context.support.DirtiesContextBeforeModesTestExecutionListener, org.springframework.test.context.support.DependencyInjectionTestExecutionListener, org.springframework.test.context.support.DirtiesContextTestExecutionListener, org.springframework.test.context.transaction.TransactionalTestExecutionListener, org.springframework.test.context.jdbc.SqlScriptsTestExecutionListener]
18:39:07.804 [main] INFO  o.s.b.t.c.SpringBootTestContextBootstrapper - Using TestExecutionListeners: [org.springframework.test.context.web.ServletTestExecutionListener@1184ab05, org.springframework.test.context.support.DirtiesContextBeforeModesTestExecutionListener@3aefe5e5, org.springframework.boot.test.autoconfigure.SpringBootDependencyInjectionTestExecutionListener@149e0f5d, org.springframework.test.context.support.DirtiesContextTestExecutionListener@1b1473ab, org.springframework.test.context.transaction.TransactionalTestExecutionListener@2f7c2f4f, org.springframework.test.context.jdbc.SqlScriptsTestExecutionListener@6af93788, org.springframework.boot.test.autoconfigure.web.client.MockRestServiceServerResetTestExecutionListener@ef9296d, org.springframework.boot.test.mock.mockito.MockitoTestExecutionListener@36c88a32, org.springframework.boot.test.autoconfigure.restdocs.RestDocsTestExecutionListener@7880cdf3, org.springframework.boot.test.autoconfigure.web.servlet.MockMvcPrintOnlyOnFailureTestExecutionListener@5be6e01c, org.springframework.boot.test.mock.mockito.ResetMocksTestExecutionListener@1c93084c, org.springframework.boot.test.autoconfigure.web.servlet.WebDriverTestExecutionListener@6ef888f6]
18:39:08.079 [main] INFO  c.s.p.m.f.s.StatisticsOrderTest - Starting StatisticsOrderTest on DESKTOP-FJN2G7E with PID 1484 (started by win10 in D:\order\sy_platform\platform.ms.facade)
18:39:08.080 [main] DEBUG c.s.p.m.f.s.StatisticsOrderTest - Running with Spring Boot v1.5.4.RELEASE, Spring v4.3.9.RELEASE
18:39:08.080 [main] INFO  c.s.p.m.f.s.StatisticsOrderTest - No active profile set, falling back to default profiles: default
18:39:08.113 [main] INFO  o.s.w.c.s.GenericWebApplicationContext - Refreshing org.springframework.web.context.support.GenericWebApplicationContext@5d534f5d: startup date [Fri Jan 19 18:39:08 CST 2018]; root of context hierarchy
18:39:09.145 [main] INFO  o.s.d.r.c.RepositoryConfigurationDelegate - Multiple Spring Data modules found, entering strict repository configuration mode!
18:39:12.346 [main] INFO  com.yunpian.sdk.YunpianClient - YunpianClient is initing!
18:39:12.347 [main] INFO  com.yunpian.sdk.YunpianConf - load default yunpian.properties
18:39:12.347 [main] INFO  com.yunpian.sdk.YunpianConf - apikey-b792c1883cd87e140859625a665e7069 conf-{yp.flow.host=https://flow.yunpian.com, yp.sign.host=https://sms.yunpian.com, yp.tpl.host=https://sms.yunpian.com, http.conn.maxperroute=50, yp.user.host=https://sms.yunpian.com, yp.version=v2, yp.call.host=https://call.yunpian.com, yp.short_url.host=https://sms.yunpian.com, http.charset=utf-8, http.conn.timeout=10000, yp.voice.host=https://voice.yunpian.com, http.so.timeout=30000, yp.sms.host=https://sms.yunpian.com, http.conn.maxtotal=200}
18:39:12.576 [main] INFO  com.yunpian.sdk.YunpianClient - YunpianClient is initing!
18:39:12.577 [main] INFO  com.yunpian.sdk.YunpianClient - YunpianClient is closing!
18:39:12.578 [main] INFO  com.yunpian.sdk.YunpianConf - apikey-b792c1883cd87e140859625a665e7069 conf-{yp.flow.host=https://flow.yunpian.com, yp.sign.host=https://sms.yunpian.com, yp.tpl.host=https://sms.yunpian.com, http.conn.maxperroute=50, yp.user.host=https://sms.yunpian.com, yp.version=v2, yp.call.host=https://call.yunpian.com, yp.short_url.host=https://sms.yunpian.com, http.charset=utf-8, http.conn.timeout=10000, yp.voice.host=https://voice.yunpian.com, http.so.timeout=30000, yp.sms.host=https://sms.yunpian.com, http.conn.maxtotal=200}
18:39:14.445 [main] INFO  o.s.w.s.m.m.a.RequestMappingHandlerAdapter - Looking for @ControllerAdvice: org.springframework.web.context.support.GenericWebApplicationContext@5d534f5d: startup date [Fri Jan 19 18:39:08 CST 2018]; root of context hierarchy
18:39:14.526 [main] INFO  o.s.w.s.m.m.a.RequestMappingHandlerMapping - Mapped "{[/error]}" onto public org.springframework.http.ResponseEntity<java.util.Map<java.lang.String, java.lang.Object>> org.springframework.boot.autoconfigure.web.BasicErrorController.error(javax.servlet.http.HttpServletRequest)
18:39:14.527 [main] INFO  o.s.w.s.m.m.a.RequestMappingHandlerMapping - Mapped "{[/error],produces=[text/html]}" onto public org.springframework.web.servlet.ModelAndView org.springframework.boot.autoconfigure.web.BasicErrorController.errorHtml(javax.servlet.http.HttpServletRequest,javax.servlet.http.HttpServletResponse)
18:39:14.602 [main] INFO  o.s.w.s.h.SimpleUrlHandlerMapping - Mapped URL path [/webjars/**] onto handler of type [class org.springframework.web.servlet.resource.ResourceHttpRequestHandler]
18:39:14.603 [main] INFO  o.s.w.s.h.SimpleUrlHandlerMapping - Mapped URL path [/**] onto handler of type [class org.springframework.web.servlet.resource.ResourceHttpRequestHandler]
18:39:14.657 [main] INFO  o.s.w.s.h.SimpleUrlHandlerMapping - Mapped URL path [/**/favicon.ico] onto handler of type [class org.springframework.web.servlet.resource.ResourceHttpRequestHandler]
18:39:15.319 [main] INFO  c.s.p.m.f.s.StatisticsOrderTest - Started StatisticsOrderTest in 7.423 seconds (JVM running for 8.094)
18:39:15.372 [Thread-4] INFO  o.s.w.c.s.GenericWebApplicationContext - Closing org.springframework.web.context.support.GenericWebApplicationContext@5d534f5d: startup date [Fri Jan 19 18:39:08 CST 2018]; root of context hierarchy
18:39:15.376 [Thread-4] INFO  com.yunpian.sdk.YunpianClient - YunpianClient is closing!
18:39:54.250 [main] INFO  o.s.b.t.c.SpringBootTestContextBootstrapper - Neither @ContextConfiguration nor @ContextHierarchy found for test class [com.shanyuan.platform.ms.facade.statistics.StatisticsOrderTest], using SpringBootContextLoader
18:39:54.262 [main] INFO  o.s.t.c.s.AbstractContextLoader - Could not detect default resource locations for test class [com.shanyuan.platform.ms.facade.statistics.StatisticsOrderTest]: no resource found for suffixes {-context.xml, Context.groovy}.
18:39:54.326 [main] INFO  o.s.b.t.c.SpringBootTestContextBootstrapper - Loaded default TestExecutionListener class names from location [META-INF/spring.factories]: [org.springframework.boot.test.mock.mockito.MockitoTestExecutionListener, org.springframework.boot.test.mock.mockito.ResetMocksTestExecutionListener, org.springframework.boot.test.autoconfigure.restdocs.RestDocsTestExecutionListener, org.springframework.boot.test.autoconfigure.web.client.MockRestServiceServerResetTestExecutionListener, org.springframework.boot.test.autoconfigure.web.servlet.MockMvcPrintOnlyOnFailureTestExecutionListener, org.springframework.boot.test.autoconfigure.web.servlet.WebDriverTestExecutionListener, org.springframework.test.context.web.ServletTestExecutionListener, org.springframework.test.context.support.DirtiesContextBeforeModesTestExecutionListener, org.springframework.test.context.support.DependencyInjectionTestExecutionListener, org.springframework.test.context.support.DirtiesContextTestExecutionListener, org.springframework.test.context.transaction.TransactionalTestExecutionListener, org.springframework.test.context.jdbc.SqlScriptsTestExecutionListener]
18:39:54.349 [main] INFO  o.s.b.t.c.SpringBootTestContextBootstrapper - Using TestExecutionListeners: [org.springframework.test.context.web.ServletTestExecutionListener@1184ab05, org.springframework.test.context.support.DirtiesContextBeforeModesTestExecutionListener@3aefe5e5, org.springframework.boot.test.autoconfigure.SpringBootDependencyInjectionTestExecutionListener@149e0f5d, org.springframework.test.context.support.DirtiesContextTestExecutionListener@1b1473ab, org.springframework.test.context.transaction.TransactionalTestExecutionListener@2f7c2f4f, org.springframework.test.context.jdbc.SqlScriptsTestExecutionListener@6af93788, org.springframework.boot.test.autoconfigure.web.client.MockRestServiceServerResetTestExecutionListener@ef9296d, org.springframework.boot.test.mock.mockito.MockitoTestExecutionListener@36c88a32, org.springframework.boot.test.autoconfigure.restdocs.RestDocsTestExecutionListener@7880cdf3, org.springframework.boot.test.autoconfigure.web.servlet.MockMvcPrintOnlyOnFailureTestExecutionListener@5be6e01c, org.springframework.boot.test.mock.mockito.ResetMocksTestExecutionListener@1c93084c, org.springframework.boot.test.autoconfigure.web.servlet.WebDriverTestExecutionListener@6ef888f6]
18:39:54.644 [main] INFO  c.s.p.m.f.s.StatisticsOrderTest - Starting StatisticsOrderTest on DESKTOP-FJN2G7E with PID 3052 (started by win10 in D:\order\sy_platform\platform.ms.facade)
18:39:54.644 [main] DEBUG c.s.p.m.f.s.StatisticsOrderTest - Running with Spring Boot v1.5.4.RELEASE, Spring v4.3.9.RELEASE
18:39:54.644 [main] INFO  c.s.p.m.f.s.StatisticsOrderTest - No active profile set, falling back to default profiles: default
18:39:54.676 [main] INFO  o.s.w.c.s.GenericWebApplicationContext - Refreshing org.springframework.web.context.support.GenericWebApplicationContext@5d534f5d: startup date [Fri Jan 19 18:39:54 CST 2018]; root of context hierarchy
18:39:55.719 [main] INFO  o.s.d.r.c.RepositoryConfigurationDelegate - Multiple Spring Data modules found, entering strict repository configuration mode!
18:39:58.964 [main] INFO  com.yunpian.sdk.YunpianClient - YunpianClient is initing!
18:39:58.964 [main] INFO  com.yunpian.sdk.YunpianConf - load default yunpian.properties
18:39:58.965 [main] INFO  com.yunpian.sdk.YunpianConf - apikey-b792c1883cd87e140859625a665e7069 conf-{yp.flow.host=https://flow.yunpian.com, yp.sign.host=https://sms.yunpian.com, yp.tpl.host=https://sms.yunpian.com, http.conn.maxperroute=50, yp.user.host=https://sms.yunpian.com, yp.version=v2, yp.call.host=https://call.yunpian.com, yp.short_url.host=https://sms.yunpian.com, http.charset=utf-8, http.conn.timeout=10000, yp.voice.host=https://voice.yunpian.com, http.so.timeout=30000, yp.sms.host=https://sms.yunpian.com, http.conn.maxtotal=200}
18:39:59.173 [main] INFO  com.yunpian.sdk.YunpianClient - YunpianClient is initing!
18:39:59.173 [main] INFO  com.yunpian.sdk.YunpianClient - YunpianClient is closing!
18:39:59.174 [main] INFO  com.yunpian.sdk.YunpianConf - apikey-b792c1883cd87e140859625a665e7069 conf-{yp.flow.host=https://flow.yunpian.com, yp.sign.host=https://sms.yunpian.com, yp.tpl.host=https://sms.yunpian.com, http.conn.maxperroute=50, yp.user.host=https://sms.yunpian.com, yp.version=v2, yp.call.host=https://call.yunpian.com, yp.short_url.host=https://sms.yunpian.com, http.charset=utf-8, http.conn.timeout=10000, yp.voice.host=https://voice.yunpian.com, http.so.timeout=30000, yp.sms.host=https://sms.yunpian.com, http.conn.maxtotal=200}
18:40:01.058 [main] INFO  o.s.w.s.m.m.a.RequestMappingHandlerAdapter - Looking for @ControllerAdvice: org.springframework.web.context.support.GenericWebApplicationContext@5d534f5d: startup date [Fri Jan 19 18:39:54 CST 2018]; root of context hierarchy
18:40:01.159 [main] INFO  o.s.w.s.m.m.a.RequestMappingHandlerMapping - Mapped "{[/error]}" onto public org.springframework.http.ResponseEntity<java.util.Map<java.lang.String, java.lang.Object>> org.springframework.boot.autoconfigure.web.BasicErrorController.error(javax.servlet.http.HttpServletRequest)
18:40:01.160 [main] INFO  o.s.w.s.m.m.a.RequestMappingHandlerMapping - Mapped "{[/error],produces=[text/html]}" onto public org.springframework.web.servlet.ModelAndView org.springframework.boot.autoconfigure.web.BasicErrorController.errorHtml(javax.servlet.http.HttpServletRequest,javax.servlet.http.HttpServletResponse)
18:40:01.244 [main] INFO  o.s.w.s.h.SimpleUrlHandlerMapping - Mapped URL path [/webjars/**] onto handler of type [class org.springframework.web.servlet.resource.ResourceHttpRequestHandler]
18:40:01.245 [main] INFO  o.s.w.s.h.SimpleUrlHandlerMapping - Mapped URL path [/**] onto handler of type [class org.springframework.web.servlet.resource.ResourceHttpRequestHandler]
18:40:01.303 [main] INFO  o.s.w.s.h.SimpleUrlHandlerMapping - Mapped URL path [/**/favicon.ico] onto handler of type [class org.springframework.web.servlet.resource.ResourceHttpRequestHandler]
18:40:02.016 [main] INFO  c.s.p.m.f.s.StatisticsOrderTest - Started StatisticsOrderTest in 7.564 seconds (JVM running for 8.242)
18:40:02.063 [Thread-4] INFO  o.s.w.c.s.GenericWebApplicationContext - Closing org.springframework.web.context.support.GenericWebApplicationContext@5d534f5d: startup date [Fri Jan 19 18:39:54 CST 2018]; root of context hierarchy
18:40:02.067 [Thread-4] INFO  com.yunpian.sdk.YunpianClient - YunpianClient is closing!
