16:45:41.056 [main] INFO  o.s.b.t.c.SpringBootTestContextBootstrapper - Neither @ContextConfiguration nor @ContextHierarchy found for test class [com.shanyuan.platform.ms.facade.statistics.statisticsBizBaseDataTest], using SpringBootContextLoader
16:45:41.114 [main] INFO  o.s.t.c.s.AbstractContextLoader - Could not detect default resource locations for test class [com.shanyuan.platform.ms.facade.statistics.statisticsBizBaseDataTest]: no resource found for suffixes {-context.xml, Context.groovy}.
16:45:41.210 [main] INFO  o.s.b.t.c.SpringBootTestContextBootstrapper - Loaded default TestExecutionListener class names from location [META-INF/spring.factories]: [org.springframework.boot.test.mock.mockito.MockitoTestExecutionListener, org.springframework.boot.test.mock.mockito.ResetMocksTestExecutionListener, org.springframework.boot.test.autoconfigure.restdocs.RestDocsTestExecutionListener, org.springframework.boot.test.autoconfigure.web.client.MockRestServiceServerResetTestExecutionListener, org.springframework.boot.test.autoconfigure.web.servlet.MockMvcPrintOnlyOnFailureTestExecutionListener, org.springframework.boot.test.autoconfigure.web.servlet.WebDriverTestExecutionListener, org.springframework.test.context.web.ServletTestExecutionListener, org.springframework.test.context.support.DirtiesContextBeforeModesTestExecutionListener, org.springframework.test.context.support.DependencyInjectionTestExecutionListener, org.springframework.test.context.support.DirtiesContextTestExecutionListener, org.springframework.test.context.transaction.TransactionalTestExecutionListener, org.springframework.test.context.jdbc.SqlScriptsTestExecutionListener]
16:45:41.250 [main] INFO  o.s.b.t.c.SpringBootTestContextBootstrapper - Using TestExecutionListeners: [org.springframework.test.context.web.ServletTestExecutionListener@461ad730, org.springframework.test.context.support.DirtiesContextBeforeModesTestExecutionListener@4ee203eb, org.springframework.boot.test.autoconfigure.SpringBootDependencyInjectionTestExecutionListener@1a5a4e19, org.springframework.test.context.support.DirtiesContextTestExecutionListener@7068e664, org.springframework.test.context.transaction.TransactionalTestExecutionListener@60db1c0e, org.springframework.test.context.jdbc.SqlScriptsTestExecutionListener@3e78b6a5, org.springframework.boot.test.mock.mockito.MockitoTestExecutionListener@769a1df5, org.springframework.boot.test.mock.mockito.ResetMocksTestExecutionListener@41f69e84, org.springframework.boot.test.autoconfigure.web.servlet.WebDriverTestExecutionListener@7975d1d8, org.springframework.boot.test.autoconfigure.web.client.MockRestServiceServerResetTestExecutionListener@2438dcd, org.springframework.boot.test.autoconfigure.web.servlet.MockMvcPrintOnlyOnFailureTestExecutionListener@24105dc5, org.springframework.boot.test.autoconfigure.restdocs.RestDocsTestExecutionListener@5167f57d]
16:45:41.735 [main] INFO  c.s.p.m.f.s.statisticsBizBaseDataTest - Starting statisticsBizBaseDataTest on DESKTOP-FJN2G7E with PID 2512 (started by win10 in D:\order\sy_platform\platform.ms.facade)
16:45:41.735 [main] DEBUG c.s.p.m.f.s.statisticsBizBaseDataTest - Running with Spring Boot v1.5.4.RELEASE, Spring v4.3.9.RELEASE
16:45:41.736 [main] INFO  c.s.p.m.f.s.statisticsBizBaseDataTest - No active profile set, falling back to default profiles: default
16:45:41.780 [main] INFO  o.s.w.c.s.GenericWebApplicationContext - Refreshing org.springframework.web.context.support.GenericWebApplicationContext@1ef3efa8: startup date [Thu Jan 04 16:45:41 CST 2018]; root of context hierarchy
16:45:43.107 [main] INFO  o.s.d.r.c.RepositoryConfigurationDelegate - Multiple Spring Data modules found, entering strict repository configuration mode!
16:45:46.939 [main] INFO  com.yunpian.sdk.YunpianClient - YunpianClient is initing!
16:45:46.940 [main] INFO  com.yunpian.sdk.YunpianConf - load default yunpian.properties
16:45:46.940 [main] INFO  com.yunpian.sdk.YunpianConf - apikey-b792c1883cd87e140859625a665e7069 conf-{yp.flow.host=https://flow.yunpian.com, yp.sign.host=https://sms.yunpian.com, yp.tpl.host=https://sms.yunpian.com, http.conn.maxperroute=50, yp.user.host=https://sms.yunpian.com, yp.version=v2, yp.call.host=https://call.yunpian.com, yp.short_url.host=https://sms.yunpian.com, http.charset=utf-8, http.conn.timeout=10000, yp.voice.host=https://voice.yunpian.com, http.so.timeout=30000, yp.sms.host=https://sms.yunpian.com, http.conn.maxtotal=200}
16:45:47.192 [main] INFO  com.yunpian.sdk.YunpianClient - YunpianClient is initing!
16:45:47.192 [main] INFO  com.yunpian.sdk.YunpianClient - YunpianClient is closing!
16:45:47.194 [main] INFO  com.yunpian.sdk.YunpianConf - apikey-b792c1883cd87e140859625a665e7069 conf-{yp.flow.host=https://flow.yunpian.com, yp.sign.host=https://sms.yunpian.com, yp.tpl.host=https://sms.yunpian.com, http.conn.maxperroute=50, yp.user.host=https://sms.yunpian.com, yp.version=v2, yp.call.host=https://call.yunpian.com, yp.short_url.host=https://sms.yunpian.com, http.charset=utf-8, http.conn.timeout=10000, yp.voice.host=https://voice.yunpian.com, http.so.timeout=30000, yp.sms.host=https://sms.yunpian.com, http.conn.maxtotal=200}
16:45:49.247 [main] INFO  o.s.w.s.m.m.a.RequestMappingHandlerAdapter - Looking for @ControllerAdvice: org.springframework.web.context.support.GenericWebApplicationContext@1ef3efa8: startup date [Thu Jan 04 16:45:41 CST 2018]; root of context hierarchy
16:45:49.346 [main] INFO  o.s.w.s.m.m.a.RequestMappingHandlerMapping - Mapped "{[/error]}" onto public org.springframework.http.ResponseEntity<java.util.Map<java.lang.String, java.lang.Object>> org.springframework.boot.autoconfigure.web.BasicErrorController.error(javax.servlet.http.HttpServletRequest)
16:45:49.347 [main] INFO  o.s.w.s.m.m.a.RequestMappingHandlerMapping - Mapped "{[/error],produces=[text/html]}" onto public org.springframework.web.servlet.ModelAndView org.springframework.boot.autoconfigure.web.BasicErrorController.errorHtml(javax.servlet.http.HttpServletRequest,javax.servlet.http.HttpServletResponse)
16:45:49.432 [main] INFO  o.s.w.s.h.SimpleUrlHandlerMapping - Mapped URL path [/webjars/**] onto handler of type [class org.springframework.web.servlet.resource.ResourceHttpRequestHandler]
16:45:49.432 [main] INFO  o.s.w.s.h.SimpleUrlHandlerMapping - Mapped URL path [/**] onto handler of type [class org.springframework.web.servlet.resource.ResourceHttpRequestHandler]
16:45:49.510 [main] INFO  o.s.w.s.h.SimpleUrlHandlerMapping - Mapped URL path [/**/favicon.ico] onto handler of type [class org.springframework.web.servlet.resource.ResourceHttpRequestHandler]
16:45:50.340 [main] INFO  c.s.p.m.f.s.statisticsBizBaseDataTest - Started statisticsBizBaseDataTest in 8.897 seconds (JVM running for 10.503)
16:46:14.436 [main] INFO  c.alibaba.druid.pool.DruidDataSource - {dataSource-1} inited
16:46:15.029 [main] DEBUG c.s.p.m.d.b.m.S.selectByExample - ==>  Preparing: select main_order_id, order_sn, coupon_batch_sn, buyer_id, buyer_name, add_time, payment_time, ship_time, finnshed_time, order_amount, coupon_value, coupon_num, coupon_creator, inv_info, circle_id, apply_circle_name, paper_contract, payment_role, payment_model, order_type, order_state, inv_state, pay_state, goods_state, points_state, mark, start_time, expired_time, cancle_state, agree_ship_time, all_shiped_time, receive_time from sy_biz_main_order WHERE ( receive_time >= ? and receive_time < ? and pay_state = ? and goods_state = ? and order_type between ? and ? ) order by main_order_id limit 0,100 
16:46:16.490 [main] DEBUG c.s.p.m.d.b.m.S.selectByExample - ==> Parameters: 1502183571(Integer), 1510819044(Integer), 30(String), 50(String), biz_have_goods(String), biz_intention_goods(String)
16:46:20.000 [main] DEBUG c.s.p.m.d.b.m.S.selectByExample - <==      Total: 100
16:46:52.331 [main] DEBUG c.s.p.m.d.s.m.S.selectByExample - ==>  Preparing: select member_id, circle_id, circle_name, member_name, cm_applycontent, cm_applytime, cm_state, cm_intro, cm_jointime, cm_level, cm_levelname, cm_exp, cm_nextexp, is_identity, is_allowspeak, is_star, cm_thcount, cm_comcount, cm_lastspeaktime, is_recommend, dept_id, sendmsg_state, issending, code, emp_no, cm_tag, dept_tag1, dept_tag2, dept_tag3 from sy_circle_member WHERE ( member_id = ? ) 
16:46:52.341 [main] DEBUG c.s.p.m.d.s.m.S.selectByExample - ==> Parameters: 199845(Integer)
16:46:52.474 [main] DEBUG c.s.p.m.d.s.m.S.selectByExample - <==      Total: 1
16:48:03.800 [main] INFO  o.s.b.t.c.SpringBootTestContextBootstrapper - Neither @ContextConfiguration nor @ContextHierarchy found for test class [com.shanyuan.platform.ms.facade.statistics.statisticsBizBaseDataTest], using SpringBootContextLoader
16:48:03.808 [main] INFO  o.s.t.c.s.AbstractContextLoader - Could not detect default resource locations for test class [com.shanyuan.platform.ms.facade.statistics.statisticsBizBaseDataTest]: no resource found for suffixes {-context.xml, Context.groovy}.
16:48:03.879 [main] INFO  o.s.b.t.c.SpringBootTestContextBootstrapper - Loaded default TestExecutionListener class names from location [META-INF/spring.factories]: [org.springframework.boot.test.mock.mockito.MockitoTestExecutionListener, org.springframework.boot.test.mock.mockito.ResetMocksTestExecutionListener, org.springframework.boot.test.autoconfigure.restdocs.RestDocsTestExecutionListener, org.springframework.boot.test.autoconfigure.web.client.MockRestServiceServerResetTestExecutionListener, org.springframework.boot.test.autoconfigure.web.servlet.MockMvcPrintOnlyOnFailureTestExecutionListener, org.springframework.boot.test.autoconfigure.web.servlet.WebDriverTestExecutionListener, org.springframework.test.context.web.ServletTestExecutionListener, org.springframework.test.context.support.DirtiesContextBeforeModesTestExecutionListener, org.springframework.test.context.support.DependencyInjectionTestExecutionListener, org.springframework.test.context.support.DirtiesContextTestExecutionListener, org.springframework.test.context.transaction.TransactionalTestExecutionListener, org.springframework.test.context.jdbc.SqlScriptsTestExecutionListener]
16:48:03.898 [main] INFO  o.s.b.t.c.SpringBootTestContextBootstrapper - Using TestExecutionListeners: [org.springframework.test.context.web.ServletTestExecutionListener@461ad730, org.springframework.test.context.support.DirtiesContextBeforeModesTestExecutionListener@4ee203eb, org.springframework.boot.test.autoconfigure.SpringBootDependencyInjectionTestExecutionListener@1a5a4e19, org.springframework.test.context.support.DirtiesContextTestExecutionListener@7068e664, org.springframework.test.context.transaction.TransactionalTestExecutionListener@60db1c0e, org.springframework.test.context.jdbc.SqlScriptsTestExecutionListener@3e78b6a5, org.springframework.boot.test.mock.mockito.MockitoTestExecutionListener@769a1df5, org.springframework.boot.test.mock.mockito.ResetMocksTestExecutionListener@41f69e84, org.springframework.boot.test.autoconfigure.web.servlet.WebDriverTestExecutionListener@7975d1d8, org.springframework.boot.test.autoconfigure.web.client.MockRestServiceServerResetTestExecutionListener@2438dcd, org.springframework.boot.test.autoconfigure.web.servlet.MockMvcPrintOnlyOnFailureTestExecutionListener@24105dc5, org.springframework.boot.test.autoconfigure.restdocs.RestDocsTestExecutionListener@5167f57d]
16:48:04.235 [main] INFO  c.s.p.m.f.s.statisticsBizBaseDataTest - Starting statisticsBizBaseDataTest on DESKTOP-FJN2G7E with PID 3192 (started by win10 in D:\order\sy_platform\platform.ms.facade)
16:48:04.235 [main] DEBUG c.s.p.m.f.s.statisticsBizBaseDataTest - Running with Spring Boot v1.5.4.RELEASE, Spring v4.3.9.RELEASE
16:48:04.236 [main] INFO  c.s.p.m.f.s.statisticsBizBaseDataTest - No active profile set, falling back to default profiles: default
16:48:04.266 [main] INFO  o.s.w.c.s.GenericWebApplicationContext - Refreshing org.springframework.web.context.support.GenericWebApplicationContext@27305e6: startup date [Thu Jan 04 16:48:04 CST 2018]; root of context hierarchy
16:48:05.382 [main] INFO  o.s.d.r.c.RepositoryConfigurationDelegate - Multiple Spring Data modules found, entering strict repository configuration mode!
16:48:08.625 [main] INFO  com.yunpian.sdk.YunpianClient - YunpianClient is initing!
16:48:08.625 [main] INFO  com.yunpian.sdk.YunpianConf - load default yunpian.properties
16:48:08.626 [main] INFO  com.yunpian.sdk.YunpianConf - apikey-b792c1883cd87e140859625a665e7069 conf-{yp.flow.host=https://flow.yunpian.com, yp.sign.host=https://sms.yunpian.com, yp.tpl.host=https://sms.yunpian.com, http.conn.maxperroute=50, yp.user.host=https://sms.yunpian.com, yp.version=v2, yp.call.host=https://call.yunpian.com, yp.short_url.host=https://sms.yunpian.com, http.charset=utf-8, http.conn.timeout=10000, yp.voice.host=https://voice.yunpian.com, http.so.timeout=30000, yp.sms.host=https://sms.yunpian.com, http.conn.maxtotal=200}
16:48:08.875 [main] INFO  com.yunpian.sdk.YunpianClient - YunpianClient is initing!
16:48:08.875 [main] INFO  com.yunpian.sdk.YunpianClient - YunpianClient is closing!
16:48:08.903 [main] INFO  com.yunpian.sdk.YunpianConf - apikey-b792c1883cd87e140859625a665e7069 conf-{yp.flow.host=https://flow.yunpian.com, yp.sign.host=https://sms.yunpian.com, yp.tpl.host=https://sms.yunpian.com, http.conn.maxperroute=50, yp.user.host=https://sms.yunpian.com, yp.version=v2, yp.call.host=https://call.yunpian.com, yp.short_url.host=https://sms.yunpian.com, http.charset=utf-8, http.conn.timeout=10000, yp.voice.host=https://voice.yunpian.com, http.so.timeout=30000, yp.sms.host=https://sms.yunpian.com, http.conn.maxtotal=200}
16:48:11.012 [main] INFO  o.s.w.s.m.m.a.RequestMappingHandlerAdapter - Looking for @ControllerAdvice: org.springframework.web.context.support.GenericWebApplicationContext@27305e6: startup date [Thu Jan 04 16:48:04 CST 2018]; root of context hierarchy
16:48:11.106 [main] INFO  o.s.w.s.m.m.a.RequestMappingHandlerMapping - Mapped "{[/error]}" onto public org.springframework.http.ResponseEntity<java.util.Map<java.lang.String, java.lang.Object>> org.springframework.boot.autoconfigure.web.BasicErrorController.error(javax.servlet.http.HttpServletRequest)
16:48:11.108 [main] INFO  o.s.w.s.m.m.a.RequestMappingHandlerMapping - Mapped "{[/error],produces=[text/html]}" onto public org.springframework.web.servlet.ModelAndView org.springframework.boot.autoconfigure.web.BasicErrorController.errorHtml(javax.servlet.http.HttpServletRequest,javax.servlet.http.HttpServletResponse)
16:48:11.188 [main] INFO  o.s.w.s.h.SimpleUrlHandlerMapping - Mapped URL path [/webjars/**] onto handler of type [class org.springframework.web.servlet.resource.ResourceHttpRequestHandler]
16:48:11.189 [main] INFO  o.s.w.s.h.SimpleUrlHandlerMapping - Mapped URL path [/**] onto handler of type [class org.springframework.web.servlet.resource.ResourceHttpRequestHandler]
16:48:11.267 [main] INFO  o.s.w.s.h.SimpleUrlHandlerMapping - Mapped URL path [/**/favicon.ico] onto handler of type [class org.springframework.web.servlet.resource.ResourceHttpRequestHandler]
16:48:12.181 [main] INFO  c.s.p.m.f.s.statisticsBizBaseDataTest - Started statisticsBizBaseDataTest in 8.142 seconds (JVM running for 8.874)
16:48:17.413 [main] INFO  c.alibaba.druid.pool.DruidDataSource - {dataSource-1} inited
16:48:17.988 [main] DEBUG c.s.p.m.d.b.m.S.selectByExample - ==>  Preparing: select main_order_id, order_sn, coupon_batch_sn, buyer_id, buyer_name, add_time, payment_time, ship_time, finnshed_time, order_amount, coupon_value, coupon_num, coupon_creator, inv_info, circle_id, apply_circle_name, paper_contract, payment_role, payment_model, order_type, order_state, inv_state, pay_state, goods_state, points_state, mark, start_time, expired_time, cancle_state, agree_ship_time, all_shiped_time, receive_time from sy_biz_main_order WHERE ( receive_time >= ? and receive_time < ? and pay_state = ? and goods_state = ? and order_type between ? and ? ) order by main_order_id limit 0,100 
16:48:19.420 [main] DEBUG c.s.p.m.d.b.m.S.selectByExample - ==> Parameters: 1502183571(Integer), 1510819044(Integer), 30(String), 50(String), biz_have_goods(String), biz_intention_goods(String)
16:48:22.778 [main] DEBUG c.s.p.m.d.b.m.S.selectByExample - <==      Total: 100
16:48:36.872 [main] DEBUG c.s.p.m.d.s.m.S.selectByExample - ==>  Preparing: select member_id, circle_id, circle_name, member_name, cm_applycontent, cm_applytime, cm_state, cm_intro, cm_jointime, cm_level, cm_levelname, cm_exp, cm_nextexp, is_identity, is_allowspeak, is_star, cm_thcount, cm_comcount, cm_lastspeaktime, is_recommend, dept_id, sendmsg_state, issending, code, emp_no, cm_tag, dept_tag1, dept_tag2, dept_tag3 from sy_circle_member WHERE ( member_id = ? ) 
16:48:36.882 [main] DEBUG c.s.p.m.d.s.m.S.selectByExample - ==> Parameters: 199845(Integer)
16:48:36.981 [main] DEBUG c.s.p.m.d.s.m.S.selectByExample - <==      Total: 1
16:49:15.486 [main] INFO  o.s.b.t.c.SpringBootTestContextBootstrapper - Neither @ContextConfiguration nor @ContextHierarchy found for test class [com.shanyuan.platform.ms.facade.statistics.statisticsBizBaseDataTest], using SpringBootContextLoader
16:49:15.494 [main] INFO  o.s.t.c.s.AbstractContextLoader - Could not detect default resource locations for test class [com.shanyuan.platform.ms.facade.statistics.statisticsBizBaseDataTest]: no resource found for suffixes {-context.xml, Context.groovy}.
16:49:15.566 [main] INFO  o.s.b.t.c.SpringBootTestContextBootstrapper - Loaded default TestExecutionListener class names from location [META-INF/spring.factories]: [org.springframework.boot.test.mock.mockito.MockitoTestExecutionListener, org.springframework.boot.test.mock.mockito.ResetMocksTestExecutionListener, org.springframework.boot.test.autoconfigure.restdocs.RestDocsTestExecutionListener, org.springframework.boot.test.autoconfigure.web.client.MockRestServiceServerResetTestExecutionListener, org.springframework.boot.test.autoconfigure.web.servlet.MockMvcPrintOnlyOnFailureTestExecutionListener, org.springframework.boot.test.autoconfigure.web.servlet.WebDriverTestExecutionListener, org.springframework.test.context.web.ServletTestExecutionListener, org.springframework.test.context.support.DirtiesContextBeforeModesTestExecutionListener, org.springframework.test.context.support.DependencyInjectionTestExecutionListener, org.springframework.test.context.support.DirtiesContextTestExecutionListener, org.springframework.test.context.transaction.TransactionalTestExecutionListener, org.springframework.test.context.jdbc.SqlScriptsTestExecutionListener]
16:49:15.588 [main] INFO  o.s.b.t.c.SpringBootTestContextBootstrapper - Using TestExecutionListeners: [org.springframework.test.context.web.ServletTestExecutionListener@461ad730, org.springframework.test.context.support.DirtiesContextBeforeModesTestExecutionListener@4ee203eb, org.springframework.boot.test.autoconfigure.SpringBootDependencyInjectionTestExecutionListener@1a5a4e19, org.springframework.test.context.support.DirtiesContextTestExecutionListener@7068e664, org.springframework.test.context.transaction.TransactionalTestExecutionListener@60db1c0e, org.springframework.test.context.jdbc.SqlScriptsTestExecutionListener@3e78b6a5, org.springframework.boot.test.mock.mockito.MockitoTestExecutionListener@769a1df5, org.springframework.boot.test.mock.mockito.ResetMocksTestExecutionListener@41f69e84, org.springframework.boot.test.autoconfigure.web.servlet.WebDriverTestExecutionListener@7975d1d8, org.springframework.boot.test.autoconfigure.web.client.MockRestServiceServerResetTestExecutionListener@2438dcd, org.springframework.boot.test.autoconfigure.web.servlet.MockMvcPrintOnlyOnFailureTestExecutionListener@24105dc5, org.springframework.boot.test.autoconfigure.restdocs.RestDocsTestExecutionListener@5167f57d]
16:49:15.908 [main] INFO  c.s.p.m.f.s.statisticsBizBaseDataTest - Starting statisticsBizBaseDataTest on DESKTOP-FJN2G7E with PID 8768 (started by win10 in D:\order\sy_platform\platform.ms.facade)
16:49:15.908 [main] DEBUG c.s.p.m.f.s.statisticsBizBaseDataTest - Running with Spring Boot v1.5.4.RELEASE, Spring v4.3.9.RELEASE
16:49:15.908 [main] INFO  c.s.p.m.f.s.statisticsBizBaseDataTest - No active profile set, falling back to default profiles: default
16:49:15.941 [main] INFO  o.s.w.c.s.GenericWebApplicationContext - Refreshing org.springframework.web.context.support.GenericWebApplicationContext@27305e6: startup date [Thu Jan 04 16:49:15 CST 2018]; root of context hierarchy
16:49:17.079 [main] INFO  o.s.d.r.c.RepositoryConfigurationDelegate - Multiple Spring Data modules found, entering strict repository configuration mode!
16:49:20.488 [main] INFO  com.yunpian.sdk.YunpianClient - YunpianClient is initing!
16:49:20.488 [main] INFO  com.yunpian.sdk.YunpianConf - load default yunpian.properties
16:49:20.489 [main] INFO  com.yunpian.sdk.YunpianConf - apikey-b792c1883cd87e140859625a665e7069 conf-{yp.flow.host=https://flow.yunpian.com, yp.sign.host=https://sms.yunpian.com, yp.tpl.host=https://sms.yunpian.com, http.conn.maxperroute=50, yp.user.host=https://sms.yunpian.com, yp.version=v2, yp.call.host=https://call.yunpian.com, yp.short_url.host=https://sms.yunpian.com, http.charset=utf-8, http.conn.timeout=10000, yp.voice.host=https://voice.yunpian.com, http.so.timeout=30000, yp.sms.host=https://sms.yunpian.com, http.conn.maxtotal=200}
16:49:20.718 [main] INFO  com.yunpian.sdk.YunpianClient - YunpianClient is initing!
16:49:20.718 [main] INFO  com.yunpian.sdk.YunpianClient - YunpianClient is closing!
16:49:20.720 [main] INFO  com.yunpian.sdk.YunpianConf - apikey-b792c1883cd87e140859625a665e7069 conf-{yp.flow.host=https://flow.yunpian.com, yp.sign.host=https://sms.yunpian.com, yp.tpl.host=https://sms.yunpian.com, http.conn.maxperroute=50, yp.user.host=https://sms.yunpian.com, yp.version=v2, yp.call.host=https://call.yunpian.com, yp.short_url.host=https://sms.yunpian.com, http.charset=utf-8, http.conn.timeout=10000, yp.voice.host=https://voice.yunpian.com, http.so.timeout=30000, yp.sms.host=https://sms.yunpian.com, http.conn.maxtotal=200}
16:49:22.840 [main] INFO  o.s.w.s.m.m.a.RequestMappingHandlerAdapter - Looking for @ControllerAdvice: org.springframework.web.context.support.GenericWebApplicationContext@27305e6: startup date [Thu Jan 04 16:49:15 CST 2018]; root of context hierarchy
16:49:22.951 [main] INFO  o.s.w.s.m.m.a.RequestMappingHandlerMapping - Mapped "{[/error]}" onto public org.springframework.http.ResponseEntity<java.util.Map<java.lang.String, java.lang.Object>> org.springframework.boot.autoconfigure.web.BasicErrorController.error(javax.servlet.http.HttpServletRequest)
16:49:22.953 [main] INFO  o.s.w.s.m.m.a.RequestMappingHandlerMapping - Mapped "{[/error],produces=[text/html]}" onto public org.springframework.web.servlet.ModelAndView org.springframework.boot.autoconfigure.web.BasicErrorController.errorHtml(javax.servlet.http.HttpServletRequest,javax.servlet.http.HttpServletResponse)
16:49:23.045 [main] INFO  o.s.w.s.h.SimpleUrlHandlerMapping - Mapped URL path [/webjars/**] onto handler of type [class org.springframework.web.servlet.resource.ResourceHttpRequestHandler]
16:49:23.046 [main] INFO  o.s.w.s.h.SimpleUrlHandlerMapping - Mapped URL path [/**] onto handler of type [class org.springframework.web.servlet.resource.ResourceHttpRequestHandler]
16:49:23.114 [main] INFO  o.s.w.s.h.SimpleUrlHandlerMapping - Mapped URL path [/**/favicon.ico] onto handler of type [class org.springframework.web.servlet.resource.ResourceHttpRequestHandler]
16:49:24.035 [main] INFO  c.s.p.m.f.s.statisticsBizBaseDataTest - Started statisticsBizBaseDataTest in 8.327 seconds (JVM running for 9.041)
16:49:30.641 [main] INFO  c.alibaba.druid.pool.DruidDataSource - {dataSource-1} inited
16:49:31.216 [main] DEBUG c.s.p.m.d.b.m.S.selectByExample - ==>  Preparing: select main_order_id, order_sn, coupon_batch_sn, buyer_id, buyer_name, add_time, payment_time, ship_time, finnshed_time, order_amount, coupon_value, coupon_num, coupon_creator, inv_info, circle_id, apply_circle_name, paper_contract, payment_role, payment_model, order_type, order_state, inv_state, pay_state, goods_state, points_state, mark, start_time, expired_time, cancle_state, agree_ship_time, all_shiped_time, receive_time from sy_biz_main_order WHERE ( receive_time >= ? and receive_time < ? and pay_state = ? and goods_state = ? and order_type between ? and ? ) order by main_order_id limit 0,100 
16:49:32.735 [main] DEBUG c.s.p.m.d.b.m.S.selectByExample - ==> Parameters: 1502183571(Integer), 1510819044(Integer), 30(String), 50(String), biz_have_goods(String), biz_intention_goods(String)
16:49:36.278 [main] DEBUG c.s.p.m.d.b.m.S.selectByExample - <==      Total: 100
16:49:52.859 [main] DEBUG c.s.p.m.d.s.m.S.selectByExample - ==>  Preparing: select member_id, circle_id, circle_name, member_name, cm_applycontent, cm_applytime, cm_state, cm_intro, cm_jointime, cm_level, cm_levelname, cm_exp, cm_nextexp, is_identity, is_allowspeak, is_star, cm_thcount, cm_comcount, cm_lastspeaktime, is_recommend, dept_id, sendmsg_state, issending, code, emp_no, cm_tag, dept_tag1, dept_tag2, dept_tag3 from sy_circle_member WHERE ( member_id = ? ) 
16:49:52.869 [main] DEBUG c.s.p.m.d.s.m.S.selectByExample - ==> Parameters: 199845(Integer)
16:49:53.014 [main] DEBUG c.s.p.m.d.s.m.S.selectByExample - <==      Total: 1
16:50:51.549 [main] INFO  o.s.b.t.c.SpringBootTestContextBootstrapper - Neither @ContextConfiguration nor @ContextHierarchy found for test class [com.shanyuan.platform.ms.facade.statistics.statisticsBizBaseDataTest], using SpringBootContextLoader
16:50:51.561 [main] INFO  o.s.t.c.s.AbstractContextLoader - Could not detect default resource locations for test class [com.shanyuan.platform.ms.facade.statistics.statisticsBizBaseDataTest]: no resource found for suffixes {-context.xml, Context.groovy}.
16:50:51.637 [main] INFO  o.s.b.t.c.SpringBootTestContextBootstrapper - Loaded default TestExecutionListener class names from location [META-INF/spring.factories]: [org.springframework.boot.test.mock.mockito.MockitoTestExecutionListener, org.springframework.boot.test.mock.mockito.ResetMocksTestExecutionListener, org.springframework.boot.test.autoconfigure.restdocs.RestDocsTestExecutionListener, org.springframework.boot.test.autoconfigure.web.client.MockRestServiceServerResetTestExecutionListener, org.springframework.boot.test.autoconfigure.web.servlet.MockMvcPrintOnlyOnFailureTestExecutionListener, org.springframework.boot.test.autoconfigure.web.servlet.WebDriverTestExecutionListener, org.springframework.test.context.web.ServletTestExecutionListener, org.springframework.test.context.support.DirtiesContextBeforeModesTestExecutionListener, org.springframework.test.context.support.DependencyInjectionTestExecutionListener, org.springframework.test.context.support.DirtiesContextTestExecutionListener, org.springframework.test.context.transaction.TransactionalTestExecutionListener, org.springframework.test.context.jdbc.SqlScriptsTestExecutionListener]
16:50:51.657 [main] INFO  o.s.b.t.c.SpringBootTestContextBootstrapper - Using TestExecutionListeners: [org.springframework.test.context.web.ServletTestExecutionListener@461ad730, org.springframework.test.context.support.DirtiesContextBeforeModesTestExecutionListener@4ee203eb, org.springframework.boot.test.autoconfigure.SpringBootDependencyInjectionTestExecutionListener@1a5a4e19, org.springframework.test.context.support.DirtiesContextTestExecutionListener@7068e664, org.springframework.test.context.transaction.TransactionalTestExecutionListener@60db1c0e, org.springframework.test.context.jdbc.SqlScriptsTestExecutionListener@3e78b6a5, org.springframework.boot.test.mock.mockito.MockitoTestExecutionListener@769a1df5, org.springframework.boot.test.mock.mockito.ResetMocksTestExecutionListener@41f69e84, org.springframework.boot.test.autoconfigure.web.servlet.WebDriverTestExecutionListener@7975d1d8, org.springframework.boot.test.autoconfigure.web.client.MockRestServiceServerResetTestExecutionListener@2438dcd, org.springframework.boot.test.autoconfigure.web.servlet.MockMvcPrintOnlyOnFailureTestExecutionListener@24105dc5, org.springframework.boot.test.autoconfigure.restdocs.RestDocsTestExecutionListener@5167f57d]
16:50:51.986 [main] INFO  c.s.p.m.f.s.statisticsBizBaseDataTest - Starting statisticsBizBaseDataTest on DESKTOP-FJN2G7E with PID 8720 (started by win10 in D:\order\sy_platform\platform.ms.facade)
16:50:51.986 [main] DEBUG c.s.p.m.f.s.statisticsBizBaseDataTest - Running with Spring Boot v1.5.4.RELEASE, Spring v4.3.9.RELEASE
16:50:51.987 [main] INFO  c.s.p.m.f.s.statisticsBizBaseDataTest - No active profile set, falling back to default profiles: default
16:50:52.023 [main] INFO  o.s.w.c.s.GenericWebApplicationContext - Refreshing org.springframework.web.context.support.GenericWebApplicationContext@27305e6: startup date [Thu Jan 04 16:50:52 CST 2018]; root of context hierarchy
16:50:53.152 [main] INFO  o.s.d.r.c.RepositoryConfigurationDelegate - Multiple Spring Data modules found, entering strict repository configuration mode!
16:50:56.456 [main] INFO  com.yunpian.sdk.YunpianClient - YunpianClient is initing!
16:50:56.457 [main] INFO  com.yunpian.sdk.YunpianConf - load default yunpian.properties
16:50:56.457 [main] INFO  com.yunpian.sdk.YunpianConf - apikey-b792c1883cd87e140859625a665e7069 conf-{yp.flow.host=https://flow.yunpian.com, yp.sign.host=https://sms.yunpian.com, yp.tpl.host=https://sms.yunpian.com, http.conn.maxperroute=50, yp.user.host=https://sms.yunpian.com, yp.version=v2, yp.call.host=https://call.yunpian.com, yp.short_url.host=https://sms.yunpian.com, http.charset=utf-8, http.conn.timeout=10000, yp.voice.host=https://voice.yunpian.com, http.so.timeout=30000, yp.sms.host=https://sms.yunpian.com, http.conn.maxtotal=200}
16:50:56.695 [main] INFO  com.yunpian.sdk.YunpianClient - YunpianClient is initing!
16:50:56.695 [main] INFO  com.yunpian.sdk.YunpianClient - YunpianClient is closing!
16:50:56.698 [main] INFO  com.yunpian.sdk.YunpianConf - apikey-b792c1883cd87e140859625a665e7069 conf-{yp.flow.host=https://flow.yunpian.com, yp.sign.host=https://sms.yunpian.com, yp.tpl.host=https://sms.yunpian.com, http.conn.maxperroute=50, yp.user.host=https://sms.yunpian.com, yp.version=v2, yp.call.host=https://call.yunpian.com, yp.short_url.host=https://sms.yunpian.com, http.charset=utf-8, http.conn.timeout=10000, yp.voice.host=https://voice.yunpian.com, http.so.timeout=30000, yp.sms.host=https://sms.yunpian.com, http.conn.maxtotal=200}
16:50:58.820 [main] INFO  o.s.w.s.m.m.a.RequestMappingHandlerAdapter - Looking for @ControllerAdvice: org.springframework.web.context.support.GenericWebApplicationContext@27305e6: startup date [Thu Jan 04 16:50:52 CST 2018]; root of context hierarchy
16:50:58.931 [main] INFO  o.s.w.s.m.m.a.RequestMappingHandlerMapping - Mapped "{[/error]}" onto public org.springframework.http.ResponseEntity<java.util.Map<java.lang.String, java.lang.Object>> org.springframework.boot.autoconfigure.web.BasicErrorController.error(javax.servlet.http.HttpServletRequest)
16:50:58.933 [main] INFO  o.s.w.s.m.m.a.RequestMappingHandlerMapping - Mapped "{[/error],produces=[text/html]}" onto public org.springframework.web.servlet.ModelAndView org.springframework.boot.autoconfigure.web.BasicErrorController.errorHtml(javax.servlet.http.HttpServletRequest,javax.servlet.http.HttpServletResponse)
16:50:59.029 [main] INFO  o.s.w.s.h.SimpleUrlHandlerMapping - Mapped URL path [/webjars/**] onto handler of type [class org.springframework.web.servlet.resource.ResourceHttpRequestHandler]
16:50:59.029 [main] INFO  o.s.w.s.h.SimpleUrlHandlerMapping - Mapped URL path [/**] onto handler of type [class org.springframework.web.servlet.resource.ResourceHttpRequestHandler]
16:50:59.106 [main] INFO  o.s.w.s.h.SimpleUrlHandlerMapping - Mapped URL path [/**/favicon.ico] onto handler of type [class org.springframework.web.servlet.resource.ResourceHttpRequestHandler]
16:50:59.982 [main] INFO  c.s.p.m.f.s.statisticsBizBaseDataTest - Started statisticsBizBaseDataTest in 8.204 seconds (JVM running for 8.943)
16:51:03.833 [main] INFO  c.alibaba.druid.pool.DruidDataSource - {dataSource-1} inited
16:51:04.409 [main] DEBUG c.s.p.m.d.b.m.S.selectByExample - ==>  Preparing: select main_order_id, order_sn, coupon_batch_sn, buyer_id, buyer_name, add_time, payment_time, ship_time, finnshed_time, order_amount, coupon_value, coupon_num, coupon_creator, inv_info, circle_id, apply_circle_name, paper_contract, payment_role, payment_model, order_type, order_state, inv_state, pay_state, goods_state, points_state, mark, start_time, expired_time, cancle_state, agree_ship_time, all_shiped_time, receive_time from sy_biz_main_order WHERE ( receive_time >= ? and receive_time < ? and pay_state = ? and goods_state = ? and order_type between ? and ? ) order by main_order_id limit 0,100 
16:51:05.863 [main] DEBUG c.s.p.m.d.b.m.S.selectByExample - ==> Parameters: 1502183571(Integer), 1510819044(Integer), 30(String), 50(String), biz_have_goods(String), biz_intention_goods(String)
16:51:09.184 [main] DEBUG c.s.p.m.d.b.m.S.selectByExample - <==      Total: 100
16:51:16.114 [main] DEBUG c.s.p.m.d.s.m.S.selectByExample - ==>  Preparing: select member_id, circle_id, circle_name, member_name, cm_applycontent, cm_applytime, cm_state, cm_intro, cm_jointime, cm_level, cm_levelname, cm_exp, cm_nextexp, is_identity, is_allowspeak, is_star, cm_thcount, cm_comcount, cm_lastspeaktime, is_recommend, dept_id, sendmsg_state, issending, code, emp_no, cm_tag, dept_tag1, dept_tag2, dept_tag3 from sy_circle_member WHERE ( member_id = ? ) 
16:51:16.124 [main] DEBUG c.s.p.m.d.s.m.S.selectByExample - ==> Parameters: 199845(Integer)
16:51:16.228 [main] DEBUG c.s.p.m.d.s.m.S.selectByExample - <==      Total: 1
