19:16:39.150 [main] INFO  c.s.p.m.facade.TestApplicationFacade - Starting TestApplicationFacade on DESKTOP-FJN2G7E with PID 3656 (D:\order\sy_platform\platform.ms.facade\target\test-classes started by win10 in D:\order\sy_platform\platform.ms.facade)
19:16:39.152 [main] DEBUG c.s.p.m.facade.TestApplicationFacade - Running with Spring Boot v1.5.4.RELEASE, Spring v4.3.9.RELEASE
19:16:39.153 [main] INFO  c.s.p.m.facade.TestApplicationFacade - No active profile set, falling back to default profiles: default
19:16:39.187 [main] INFO  o.s.b.c.e.AnnotationConfigEmbeddedWebApplicationContext - Refreshing org.springframework.boot.context.embedded.AnnotationConfigEmbeddedWebApplicationContext@2b662a77: startup date [Tue Jan 02 19:16:39 CST 2018]; root of context hierarchy
19:16:39.997 [main] INFO  o.s.d.r.c.RepositoryConfigurationDelegate - Multiple Spring Data modules found, entering strict repository configuration mode!
19:16:40.808 [main] INFO  o.s.b.c.e.t.TomcatEmbeddedServletContainer - Tomcat initialized with port(s): 9084 (http)
19:16:40.817 [main] INFO  o.a.catalina.core.StandardService - Starting service [Tomcat]
19:16:40.818 [main] INFO  o.a.catalina.core.StandardEngine - Starting Servlet Engine: Apache Tomcat/8.5.20
19:16:40.888 [localhost-startStop-1] INFO  o.a.c.c.C.[Tomcat].[localhost].[/] - Initializing Spring embedded WebApplicationContext
19:16:40.888 [localhost-startStop-1] INFO  o.s.web.context.ContextLoader - Root WebApplicationContext: initialization completed in 1701 ms
19:16:41.073 [localhost-startStop-1] INFO  o.s.b.w.s.ServletRegistrationBean - Mapping servlet: 'dispatcherServlet' to [/]
19:16:41.079 [localhost-startStop-1] INFO  o.s.b.w.s.FilterRegistrationBean - Mapping filter: 'characterEncodingFilter' to: [/*]
19:16:41.080 [localhost-startStop-1] INFO  o.s.b.w.s.FilterRegistrationBean - Mapping filter: 'hiddenHttpMethodFilter' to: [/*]
19:16:41.080 [localhost-startStop-1] INFO  o.s.b.w.s.FilterRegistrationBean - Mapping filter: 'httpPutFormContentFilter' to: [/*]
19:16:41.080 [localhost-startStop-1] INFO  o.s.b.w.s.FilterRegistrationBean - Mapping filter: 'requestContextFilter' to: [/*]
19:16:42.962 [main] INFO  com.yunpian.sdk.YunpianClient - YunpianClient is initing!
19:16:42.963 [main] INFO  com.yunpian.sdk.YunpianConf - load default yunpian.properties
19:16:42.963 [main] INFO  com.yunpian.sdk.YunpianConf - apikey-b792c1883cd87e140859625a665e7069 conf-{yp.flow.host=https://flow.yunpian.com, yp.sign.host=https://sms.yunpian.com, yp.tpl.host=https://sms.yunpian.com, http.conn.maxperroute=50, yp.user.host=https://sms.yunpian.com, yp.version=v2, yp.call.host=https://call.yunpian.com, yp.short_url.host=https://sms.yunpian.com, http.charset=utf-8, http.conn.timeout=10000, yp.voice.host=https://voice.yunpian.com, http.so.timeout=30000, yp.sms.host=https://sms.yunpian.com, http.conn.maxtotal=200}
19:16:43.136 [main] INFO  com.yunpian.sdk.YunpianClient - YunpianClient is initing!
19:16:43.136 [main] INFO  com.yunpian.sdk.YunpianClient - YunpianClient is closing!
19:16:43.139 [main] INFO  com.yunpian.sdk.YunpianConf - apikey-b792c1883cd87e140859625a665e7069 conf-{yp.flow.host=https://flow.yunpian.com, yp.sign.host=https://sms.yunpian.com, yp.tpl.host=https://sms.yunpian.com, http.conn.maxperroute=50, yp.user.host=https://sms.yunpian.com, yp.version=v2, yp.call.host=https://call.yunpian.com, yp.short_url.host=https://sms.yunpian.com, http.charset=utf-8, http.conn.timeout=10000, yp.voice.host=https://voice.yunpian.com, http.so.timeout=30000, yp.sms.host=https://sms.yunpian.com, http.conn.maxtotal=200}
19:16:44.393 [main] INFO  o.s.w.s.m.m.a.RequestMappingHandlerAdapter - Looking for @ControllerAdvice: org.springframework.boot.context.embedded.AnnotationConfigEmbeddedWebApplicationContext@2b662a77: startup date [Tue Jan 02 19:16:39 CST 2018]; root of context hierarchy
19:16:44.462 [main] INFO  o.s.w.s.m.m.a.RequestMappingHandlerMapping - Mapped "{[/error]}" onto public org.springframework.http.ResponseEntity<java.util.Map<java.lang.String, java.lang.Object>> org.springframework.boot.autoconfigure.web.BasicErrorController.error(javax.servlet.http.HttpServletRequest)
19:16:44.463 [main] INFO  o.s.w.s.m.m.a.RequestMappingHandlerMapping - Mapped "{[/error],produces=[text/html]}" onto public org.springframework.web.servlet.ModelAndView org.springframework.boot.autoconfigure.web.BasicErrorController.errorHtml(javax.servlet.http.HttpServletRequest,javax.servlet.http.HttpServletResponse)
19:16:44.525 [main] INFO  o.s.w.s.h.SimpleUrlHandlerMapping - Mapped URL path [/webjars/**] onto handler of type [class org.springframework.web.servlet.resource.ResourceHttpRequestHandler]
19:16:44.526 [main] INFO  o.s.w.s.h.SimpleUrlHandlerMapping - Mapped URL path [/**] onto handler of type [class org.springframework.web.servlet.resource.ResourceHttpRequestHandler]
19:16:44.568 [main] INFO  o.s.w.s.h.SimpleUrlHandlerMapping - Mapped URL path [/**/favicon.ico] onto handler of type [class org.springframework.web.servlet.resource.ResourceHttpRequestHandler]
19:16:45.144 [main] INFO  o.s.j.e.a.AnnotationMBeanExporter - Registering beans for JMX exposure on startup
19:16:45.145 [main] INFO  o.s.j.e.a.AnnotationMBeanExporter - Bean with name 'dataSource' has been autodetected for JMX exposure
19:16:45.149 [main] INFO  o.s.j.e.a.AnnotationMBeanExporter - Bean with name 'constantReload' has been autodetected for JMX exposure
19:16:45.152 [main] INFO  o.s.j.e.a.AnnotationMBeanExporter - Located managed bean 'constantReload': registering with JMX server as MBean [com.shanyuan.platform.ms.core.constant:name=constantReload,type=ConstantReload]
19:16:45.174 [main] INFO  o.s.j.e.a.AnnotationMBeanExporter - Located MBean 'dataSource': registering with JMX server as MBean [com.alibaba.druid.pool:name=dataSource,type=DruidDataSource]
19:16:45.200 [main] INFO  o.s.b.c.e.t.TomcatEmbeddedServletContainer - Tomcat started on port(s): 9084 (http)
19:16:45.203 [main] INFO  c.s.p.m.facade.TestApplicationFacade - Started TestApplicationFacade in 6.223 seconds (JVM running for 6.682)
19:16:55.058 [http-nio-9084-exec-1] INFO  o.a.c.c.C.[Tomcat].[localhost].[/] - Initializing Spring FrameworkServlet 'dispatcherServlet'
19:16:55.058 [http-nio-9084-exec-1] INFO  o.s.web.servlet.DispatcherServlet - FrameworkServlet 'dispatcherServlet': initialization started
19:16:55.080 [http-nio-9084-exec-1] INFO  o.s.web.servlet.DispatcherServlet - FrameworkServlet 'dispatcherServlet': initialization completed in 22 ms
19:24:52.689 [RMI TCP Connection(2)-127.0.0.1] INFO  o.s.b.a.SpringApplicationAdminMXBeanRegistrar$SpringApplicationAdmin - Application shutdown requested.
19:24:52.689 [RMI TCP Connection(2)-127.0.0.1] INFO  o.s.b.c.e.AnnotationConfigEmbeddedWebApplicationContext - Closing org.springframework.boot.context.embedded.AnnotationConfigEmbeddedWebApplicationContext@2b662a77: startup date [Tue Jan 02 19:16:39 CST 2018]; root of context hierarchy
19:24:52.691 [RMI TCP Connection(2)-127.0.0.1] INFO  o.s.j.e.a.AnnotationMBeanExporter - Unregistering JMX-exposed beans on shutdown
19:24:52.691 [RMI TCP Connection(2)-127.0.0.1] INFO  o.s.j.e.a.AnnotationMBeanExporter - Unregistering JMX-exposed beans
19:24:52.692 [RMI TCP Connection(2)-127.0.0.1] INFO  com.yunpian.sdk.YunpianClient - YunpianClient is closing!
